<?xml version="1.0" encoding="UTF-8"?>
<testsuite xmlns:xsi="http://www.w3.org/2001/XMLSchema-instance" xsi:noNamespaceSchemaLocation="https://maven.apache.org/surefire/maven-failsafe-plugin/xsd/failsafe-test-report-3.0.xsd" version="3.0" name="starter.CucumberTestSuite" time="27.309" tests="3" errors="0" skipped="0" failures="0">
  <properties>
    <property name="java.specification.version" value="19"/>
    <property name="webdriver.chrome.driver" value="src/test/resources/webdriver/chromedriver"/>
    <property name="sun.jnu.encoding" value="UTF-8"/>
    <property name="java.class.path" value="/Users/kayiin/Downloads/Persiapan MSIB/portofolio/Saucedemo_Web_Testing/target/test-classes:/Users/kayiin/.m2/repository/net/serenity-bdd/serenity-core/4.1.4/serenity-core-4.1.4.jar:/Users/kayiin/.m2/repository/net/serenity-bdd/serenity-model/4.1.4/serenity-model-4.1.4.jar:/Users/kayiin/.m2/repository/org/apache/commons/commons-text/1.11.0/commons-text-1.11.0.jar:/Users/kayiin/.m2/repository/commons-net/commons-net/3.10.0/commons-net-3.10.0.jar:/Users/kayiin/.m2/repository/com/google/guava/guava/32.1.3-jre/guava-32.1.3-jre.jar:/Users/kayiin/.m2/repository/com/google/guava/failureaccess/1.0.1/failureaccess-1.0.1.jar:/Users/kayiin/.m2/repository/com/google/guava/listenablefuture/9999.0-empty-to-avoid-conflict-with-guava/listenablefuture-9999.0-empty-to-avoid-conflict-with-guava.jar:/Users/kayiin/.m2/repository/com/google/code/findbugs/jsr305/3.0.2/jsr305-3.0.2.jar:/Users/kayiin/.m2/repository/org/checkerframework/checker-qual/3.37.0/checker-qual-3.37.0.jar:/Users/kayiin/.m2/repository/com/google/errorprone/error_prone_annotations/2.21.1/error_prone_annotations-2.21.1.jar:/Users/kayiin/.m2/repository/com/google/j2objc/j2objc-annotations/2.8/j2objc-annotations-2.8.jar:/Users/kayiin/.m2/repository/org/jsoup/jsoup/1.15.4/jsoup-1.15.4.jar:/Users/kayiin/.m2/repository/com/thoughtworks/xstream/xstream/1.4.20/xstream-1.4.20.jar:/Users/kayiin/.m2/repository/io/github/x-stream/mxparser/1.2.2/mxparser-1.2.2.jar:/Users/kayiin/.m2/repository/xmlpull/xmlpull/1.1.3.1/xmlpull-1.1.3.1.jar:/Users/kayiin/.m2/repository/com/typesafe/config/1.4.3/config-1.4.3.jar:/Users/kayiin/.m2/repository/org/imgscalr/imgscalr-lib/4.2/imgscalr-lib-4.2.jar:/Users/kayiin/.m2/repository/org/awaitility/awaitility/4.2.0/awaitility-4.2.0.jar:/Users/kayiin/.m2/repository/org/freemarker/freemarker/2.3.32/freemarker-2.3.32.jar:/Users/kayiin/.m2/repository/io/github/classgraph/classgraph/4.8.157/classgraph-4.8.157.jar:/Users/kayiin/.m2/repository/com/github/ben-manes/caffeine/caffeine/2.9.2/caffeine-2.9.2.jar:/Users/kayiin/.m2/repository/org/ehcache/ehcache/3.10.8/ehcache-3.10.8.jar:/Users/kayiin/.m2/repository/javax/cache/cache-api/1.1.0/cache-api-1.1.0.jar:/Users/kayiin/.m2/repository/net/sourceforge/jexcelapi/jxl/2.6.12/jxl-2.6.12.jar:/Users/kayiin/.m2/repository/net/bytebuddy/byte-buddy-agent/1.14.12/byte-buddy-agent-1.14.12.jar:/Users/kayiin/.m2/repository/org/objenesis/objenesis/3.3/objenesis-3.3.jar:/Users/kayiin/.m2/repository/com/vladsch/flexmark/flexmark-all/0.64.8/flexmark-all-0.64.8.jar:/Users/kayiin/.m2/repository/com/vladsch/flexmark/flexmark/0.64.8/flexmark-0.64.8.jar:/Users/kayiin/.m2/repository/com/vladsch/flexmark/flexmark-ext-abbreviation/0.64.8/flexmark-ext-abbreviation-0.64.8.jar:/Users/kayiin/.m2/repository/com/vladsch/flexmark/flexmark-ext-admonition/0.64.8/flexmark-ext-admonition-0.64.8.jar:/Users/kayiin/.m2/repository/com/vladsch/flexmark/flexmark-ext-anchorlink/0.64.8/flexmark-ext-anchorlink-0.64.8.jar:/Users/kayiin/.m2/repository/com/vladsch/flexmark/flexmark-ext-aside/0.64.8/flexmark-ext-aside-0.64.8.jar:/Users/kayiin/.m2/repository/com/vladsch/flexmark/flexmark-ext-attributes/0.64.8/flexmark-ext-attributes-0.64.8.jar:/Users/kayiin/.m2/repository/com/vladsch/flexmark/flexmark-ext-autolink/0.64.8/flexmark-ext-autolink-0.64.8.jar:/Users/kayiin/.m2/repository/org/nibor/autolink/autolink/0.6.0/autolink-0.6.0.jar:/Users/kayiin/.m2/repository/com/vladsch/flexmark/flexmark-ext-definition/0.64.8/flexmark-ext-definition-0.64.8.jar:/Users/kayiin/.m2/repository/com/vladsch/flexmark/flexmark-ext-emoji/0.64.8/flexmark-ext-emoji-0.64.8.jar:/Users/kayiin/.m2/repository/com/vladsch/flexmark/flexmark-ext-enumerated-reference/0.64.8/flexmark-ext-enumerated-reference-0.64.8.jar:/Users/kayiin/.m2/repository/com/vladsch/flexmark/flexmark-ext-escaped-character/0.64.8/flexmark-ext-escaped-character-0.64.8.jar:/Users/kayiin/.m2/repository/com/vladsch/flexmark/flexmark-ext-footnotes/0.64.8/flexmark-ext-footnotes-0.64.8.jar:/Users/kayiin/.m2/repository/com/vladsch/flexmark/flexmark-ext-gfm-issues/0.64.8/flexmark-ext-gfm-issues-0.64.8.jar:/Users/kayiin/.m2/repository/com/vladsch/flexmark/flexmark-ext-gfm-strikethrough/0.64.8/flexmark-ext-gfm-strikethrough-0.64.8.jar:/Users/kayiin/.m2/repository/com/vladsch/flexmark/flexmark-ext-gfm-tasklist/0.64.8/flexmark-ext-gfm-tasklist-0.64.8.jar:/Users/kayiin/.m2/repository/com/vladsch/flexmark/flexmark-ext-gfm-users/0.64.8/flexmark-ext-gfm-users-0.64.8.jar:/Users/kayiin/.m2/repository/com/vladsch/flexmark/flexmark-ext-gitlab/0.64.8/flexmark-ext-gitlab-0.64.8.jar:/Users/kayiin/.m2/repository/com/vladsch/flexmark/flexmark-ext-jekyll-front-matter/0.64.8/flexmark-ext-jekyll-front-matter-0.64.8.jar:/Users/kayiin/.m2/repository/com/vladsch/flexmark/flexmark-ext-jekyll-tag/0.64.8/flexmark-ext-jekyll-tag-0.64.8.jar:/Users/kayiin/.m2/repository/com/vladsch/flexmark/flexmark-ext-media-tags/0.64.8/flexmark-ext-media-tags-0.64.8.jar:/Users/kayiin/.m2/repository/com/vladsch/flexmark/flexmark-ext-macros/0.64.8/flexmark-ext-macros-0.64.8.jar:/Users/kayiin/.m2/repository/com/vladsch/flexmark/flexmark-ext-ins/0.64.8/flexmark-ext-ins-0.64.8.jar:/Users/kayiin/.m2/repository/com/vladsch/flexmark/flexmark-ext-xwiki-macros/0.64.8/flexmark-ext-xwiki-macros-0.64.8.jar:/Users/kayiin/.m2/repository/com/vladsch/flexmark/flexmark-ext-superscript/0.64.8/flexmark-ext-superscript-0.64.8.jar:/Users/kayiin/.m2/repository/com/vladsch/flexmark/flexmark-ext-toc/0.64.8/flexmark-ext-toc-0.64.8.jar:/Users/kayiin/.m2/repository/com/vladsch/flexmark/flexmark-ext-typographic/0.64.8/flexmark-ext-typographic-0.64.8.jar:/Users/kayiin/.m2/repository/com/vladsch/flexmark/flexmark-ext-wikilink/0.64.8/flexmark-ext-wikilink-0.64.8.jar:/Users/kayiin/.m2/repository/com/vladsch/flexmark/flexmark-ext-yaml-front-matter/0.64.8/flexmark-ext-yaml-front-matter-0.64.8.jar:/Users/kayiin/.m2/repository/com/vladsch/flexmark/flexmark-ext-youtube-embedded/0.64.8/flexmark-ext-youtube-embedded-0.64.8.jar:/Users/kayiin/.m2/repository/com/vladsch/flexmark/flexmark-html2md-converter/0.64.8/flexmark-html2md-converter-0.64.8.jar:/Users/kayiin/.m2/repository/com/vladsch/flexmark/flexmark-jira-converter/0.64.8/flexmark-jira-converter-0.64.8.jar:/Users/kayiin/.m2/repository/com/vladsch/flexmark/flexmark-pdf-converter/0.64.8/flexmark-pdf-converter-0.64.8.jar:/Users/kayiin/.m2/repository/com/openhtmltopdf/openhtmltopdf-core/1.0.10/openhtmltopdf-core-1.0.10.jar:/Users/kayiin/.m2/repository/com/openhtmltopdf/openhtmltopdf-pdfbox/1.0.10/openhtmltopdf-pdfbox-1.0.10.jar:/Users/kayiin/.m2/repository/org/apache/pdfbox/pdfbox/2.0.24/pdfbox-2.0.24.jar:/Users/kayiin/.m2/repository/org/apache/pdfbox/fontbox/2.0.24/fontbox-2.0.24.jar:/Users/kayiin/.m2/repository/org/apache/pdfbox/xmpbox/2.0.24/xmpbox-2.0.24.jar:/Users/kayiin/.m2/repository/de/rototor/pdfbox/graphics2d/0.32/graphics2d-0.32.jar:/Users/kayiin/.m2/repository/com/openhtmltopdf/openhtmltopdf-rtl-support/1.0.10/openhtmltopdf-rtl-support-1.0.10.jar:/Users/kayiin/.m2/repository/com/vladsch/flexmark/flexmark-profile-pegdown/0.64.8/flexmark-profile-pegdown-0.64.8.jar:/Users/kayiin/.m2/repository/com/vladsch/flexmark/flexmark-util-ast/0.64.8/flexmark-util-ast-0.64.8.jar:/Users/kayiin/.m2/repository/com/vladsch/flexmark/flexmark-util-builder/0.64.8/flexmark-util-builder-0.64.8.jar:/Users/kayiin/.m2/repository/com/vladsch/flexmark/flexmark-util-collection/0.64.8/flexmark-util-collection-0.64.8.jar:/Users/kayiin/.m2/repository/com/vladsch/flexmark/flexmark-util-data/0.64.8/flexmark-util-data-0.64.8.jar:/Users/kayiin/.m2/repository/com/vladsch/flexmark/flexmark-util-dependency/0.64.8/flexmark-util-dependency-0.64.8.jar:/Users/kayiin/.m2/repository/com/vladsch/flexmark/flexmark-util-format/0.64.8/flexmark-util-format-0.64.8.jar:/Users/kayiin/.m2/repository/com/vladsch/flexmark/flexmark-util-html/0.64.8/flexmark-util-html-0.64.8.jar:/Users/kayiin/.m2/repository/com/vladsch/flexmark/flexmark-util-misc/0.64.8/flexmark-util-misc-0.64.8.jar:/Users/kayiin/.m2/repository/com/vladsch/flexmark/flexmark-util-options/0.64.8/flexmark-util-options-0.64.8.jar:/Users/kayiin/.m2/repository/com/vladsch/flexmark/flexmark-util-sequence/0.64.8/flexmark-util-sequence-0.64.8.jar:/Users/kayiin/.m2/repository/com/vladsch/flexmark/flexmark-util-visitor/0.64.8/flexmark-util-visitor-0.64.8.jar:/Users/kayiin/.m2/repository/com/vladsch/flexmark/flexmark-youtrack-converter/0.64.8/flexmark-youtrack-converter-0.64.8.jar:/Users/kayiin/.m2/repository/com/vladsch/flexmark/flexmark-ext-resizable-image/0.64.8/flexmark-ext-resizable-image-0.64.8.jar:/Users/kayiin/.m2/repository/com/vladsch/flexmark/flexmark-ext-tables/0.64.8/flexmark-ext-tables-0.64.8.jar:/Users/kayiin/.m2/repository/com/vladsch/flexmark/flexmark-util/0.64.8/flexmark-util-0.64.8.jar:/Users/kayiin/.m2/repository/net/serenity-bdd/serenity-reports/4.1.4/serenity-reports-4.1.4.jar:/Users/kayiin/.m2/repository/net/serenity-bdd/serenity-stats/4.1.4/serenity-stats-4.1.4.jar:/Users/kayiin/.m2/repository/net/serenity-bdd/serenity-reports-configuration/4.1.4/serenity-reports-configuration-4.1.4.jar:/Users/kayiin/.m2/repository/com/ibm/icu/icu4j/72.1/icu4j-72.1.jar:/Users/kayiin/.m2/repository/es/nitaur/markdown/txtmark/0.16/txtmark-0.16.jar:/Users/kayiin/.m2/repository/net/serenity-bdd/serenity-report-resources/4.1.4/serenity-report-resources-4.1.4.jar:/Users/kayiin/.m2/repository/com/google/code/gson/gson/2.10.1/gson-2.10.1.jar:/Users/kayiin/.m2/repository/com/fasterxml/jackson/core/jackson-core/2.16.0/jackson-core-2.16.0.jar:/Users/kayiin/.m2/repository/com/fasterxml/jackson/core/jackson-databind/2.16.0/jackson-databind-2.16.0.jar:/Users/kayiin/.m2/repository/com/fasterxml/jackson/core/jackson-annotations/2.16.0/jackson-annotations-2.16.0.jar:/Users/kayiin/.m2/repository/commons-codec/commons-codec/1.16.0/commons-codec-1.16.0.jar:/Users/kayiin/.m2/repository/commons-io/commons-io/2.15.1/commons-io-2.15.1.jar:/Users/kayiin/.m2/repository/org/apache/httpcomponents/httpclient/4.5.13/httpclient-4.5.13.jar:/Users/kayiin/.m2/repository/org/apache/httpcomponents/httpcore/4.4.13/httpcore-4.4.13.jar:/Users/kayiin/.m2/repository/commons-logging/commons-logging/1.2/commons-logging-1.2.jar:/Users/kayiin/.m2/repository/org/seleniumhq/selenium/selenium-java/4.18.1/selenium-java-4.18.1.jar:/Users/kayiin/.m2/repository/org/seleniumhq/selenium/selenium-devtools-v120/4.18.1/selenium-devtools-v120-4.18.1.jar:/Users/kayiin/.m2/repository/org/seleniumhq/selenium/selenium-devtools-v121/4.18.1/selenium-devtools-v121-4.18.1.jar:/Users/kayiin/.m2/repository/org/seleniumhq/selenium/selenium-devtools-v122/4.18.1/selenium-devtools-v122-4.18.1.jar:/Users/kayiin/.m2/repository/org/seleniumhq/selenium/selenium-devtools-v85/4.18.1/selenium-devtools-v85-4.18.1.jar:/Users/kayiin/.m2/repository/org/seleniumhq/selenium/selenium-remote-driver/4.18.1/selenium-remote-driver-4.18.1.jar:/Users/kayiin/.m2/repository/io/opentelemetry/semconv/opentelemetry-semconv/1.23.1-alpha/opentelemetry-semconv-1.23.1-alpha.jar:/Users/kayiin/.m2/repository/io/opentelemetry/opentelemetry-api/1.35.0/opentelemetry-api-1.35.0.jar:/Users/kayiin/.m2/repository/io/opentelemetry/opentelemetry-context/1.35.0/opentelemetry-context-1.35.0.jar:/Users/kayiin/.m2/repository/io/opentelemetry/opentelemetry-exporter-logging/1.35.0/opentelemetry-exporter-logging-1.35.0.jar:/Users/kayiin/.m2/repository/io/opentelemetry/opentelemetry-sdk-common/1.35.0/opentelemetry-sdk-common-1.35.0.jar:/Users/kayiin/.m2/repository/io/opentelemetry/opentelemetry-sdk-extension-autoconfigure-spi/1.35.0/opentelemetry-sdk-extension-autoconfigure-spi-1.35.0.jar:/Users/kayiin/.m2/repository/io/opentelemetry/opentelemetry-sdk-extension-autoconfigure/1.35.0/opentelemetry-sdk-extension-autoconfigure-1.35.0.jar:/Users/kayiin/.m2/repository/io/opentelemetry/opentelemetry-api-events/1.35.0-alpha/opentelemetry-api-events-1.35.0-alpha.jar:/Users/kayiin/.m2/repository/io/opentelemetry/opentelemetry-sdk-trace/1.35.0/opentelemetry-sdk-trace-1.35.0.jar:/Users/kayiin/.m2/repository/io/opentelemetry/opentelemetry-extension-incubator/1.35.0-alpha/opentelemetry-extension-incubator-1.35.0-alpha.jar:/Users/kayiin/.m2/repository/io/opentelemetry/opentelemetry-sdk/1.35.0/opentelemetry-sdk-1.35.0.jar:/Users/kayiin/.m2/repository/io/opentelemetry/opentelemetry-sdk-metrics/1.35.0/opentelemetry-sdk-metrics-1.35.0.jar:/Users/kayiin/.m2/repository/io/opentelemetry/opentelemetry-sdk-logs/1.35.0/opentelemetry-sdk-logs-1.35.0.jar:/Users/kayiin/.m2/repository/org/seleniumhq/selenium/selenium-os/4.18.1/selenium-os-4.18.1.jar:/Users/kayiin/.m2/repository/org/apache/commons/commons-exec/1.3/commons-exec-1.3.jar:/Users/kayiin/.m2/repository/org/seleniumhq/selenium/selenium-safari-driver/4.18.1/selenium-safari-driver-4.18.1.jar:/Users/kayiin/.m2/repository/org/seleniumhq/selenium/selenium-api/4.18.1/selenium-api-4.18.1.jar:/Users/kayiin/.m2/repository/org/seleniumhq/selenium/selenium-support/4.18.1/selenium-support-4.18.1.jar:/Users/kayiin/.m2/repository/com/google/auto/service/auto-service-annotations/1.1.1/auto-service-annotations-1.1.1.jar:/Users/kayiin/.m2/repository/org/seleniumhq/selenium/selenium-json/4.18.1/selenium-json-4.18.1.jar:/Users/kayiin/.m2/repository/org/seleniumhq/selenium/selenium-chrome-driver/4.18.1/selenium-chrome-driver-4.18.1.jar:/Users/kayiin/.m2/repository/org/seleniumhq/selenium/selenium-chromium-driver/4.18.1/selenium-chromium-driver-4.18.1.jar:/Users/kayiin/.m2/repository/org/seleniumhq/selenium/selenium-manager/4.18.1/selenium-manager-4.18.1.jar:/Users/kayiin/.m2/repository/org/seleniumhq/selenium/selenium-firefox-driver/4.18.1/selenium-firefox-driver-4.18.1.jar:/Users/kayiin/.m2/repository/org/seleniumhq/selenium/selenium-http/4.18.1/selenium-http-4.18.1.jar:/Users/kayiin/.m2/repository/dev/failsafe/failsafe/3.3.2/failsafe-3.3.2.jar:/Users/kayiin/.m2/repository/org/seleniumhq/selenium/selenium-edge-driver/4.18.1/selenium-edge-driver-4.18.1.jar:/Users/kayiin/.m2/repository/org/seleniumhq/selenium/selenium-ie-driver/4.18.1/selenium-ie-driver-4.18.1.jar:/Users/kayiin/.m2/repository/org/htmlunit/htmlunit/3.11.0/htmlunit-3.11.0.jar:/Users/kayiin/.m2/repository/org/apache/httpcomponents/httpmime/4.5.14/httpmime-4.5.14.jar:/Users/kayiin/.m2/repository/org/htmlunit/htmlunit-core-js/3.11.0/htmlunit-core-js-3.11.0.jar:/Users/kayiin/.m2/repository/org/htmlunit/neko-htmlunit/3.11.2/neko-htmlunit-3.11.2.jar:/Users/kayiin/.m2/repository/org/htmlunit/htmlunit-cssparser/3.11.0/htmlunit-cssparser-3.11.0.jar:/Users/kayiin/.m2/repository/org/htmlunit/htmlunit-xpath/3.11.0/htmlunit-xpath-3.11.0.jar:/Users/kayiin/.m2/repository/org/htmlunit/htmlunit-csp/3.11.0/htmlunit-csp-3.11.0.jar:/Users/kayiin/.m2/repository/org/brotli/dec/0.1.2/dec-0.1.2.jar:/Users/kayiin/.m2/repository/org/eclipse/jetty/websocket/websocket-client/9.4.53.v20231009/websocket-client-9.4.53.v20231009.jar:/Users/kayiin/.m2/repository/org/eclipse/jetty/jetty-client/9.4.53.v20231009/jetty-client-9.4.53.v20231009.jar:/Users/kayiin/.m2/repository/org/eclipse/jetty/jetty-http/9.4.53.v20231009/jetty-http-9.4.53.v20231009.jar:/Users/kayiin/.m2/repository/org/eclipse/jetty/jetty-util/9.4.53.v20231009/jetty-util-9.4.53.v20231009.jar:/Users/kayiin/.m2/repository/org/eclipse/jetty/jetty-io/9.4.53.v20231009/jetty-io-9.4.53.v20231009.jar:/Users/kayiin/.m2/repository/org/eclipse/jetty/websocket/websocket-common/9.4.53.v20231009/websocket-common-9.4.53.v20231009.jar:/Users/kayiin/.m2/repository/org/eclipse/jetty/websocket/websocket-api/9.4.53.v20231009/websocket-api-9.4.53.v20231009.jar:/Users/kayiin/.m2/repository/org/seleniumhq/selenium/htmlunit3-driver/4.17.0/htmlunit3-driver-4.17.0.jar:/Users/kayiin/.m2/repository/io/appium/java-client/9.0.0/java-client-9.0.0.jar:/Users/kayiin/.m2/repository/org/apache/groovy/groovy/4.0.13/groovy-4.0.13.jar:/Users/kayiin/.m2/repository/net/sf/opencsv/opencsv/2.1/opencsv-2.1.jar:/Users/kayiin/.m2/repository/org/apache/commons/commons-lang3/3.14.0/commons-lang3-3.14.0.jar:/Users/kayiin/.m2/repository/org/apache/commons/commons-compress/1.26.0/commons-compress-1.26.0.jar:/Users/kayiin/.m2/repository/org/fluentlenium/fluentlenium-core/0.10.2/fluentlenium-core-0.10.2.jar:/Users/kayiin/.m2/repository/com/jhlabs/filters/2.0.235/filters-2.0.235.jar:/Users/kayiin/.m2/repository/com/paulhammant/ngwebdriver/1.1.6/ngwebdriver-1.1.6.jar:/Users/kayiin/.m2/repository/joda-time/joda-time/2.12.5/joda-time-2.12.5.jar:/Users/kayiin/.m2/repository/org/hamcrest/hamcrest/2.2/hamcrest-2.2.jar:/Users/kayiin/.m2/repository/com/google/jimfs/jimfs/1.3.0/jimfs-1.3.0.jar:/Users/kayiin/.m2/repository/org/mockito/mockito-core/3.3.3/mockito-core-3.3.3.jar:/Users/kayiin/.m2/repository/javax/xml/bind/jaxb-api/2.3.1/jaxb-api-2.3.1.jar:/Users/kayiin/.m2/repository/javax/activation/javax.activation-api/1.2.0/javax.activation-api-1.2.0.jar:/Users/kayiin/.m2/repository/com/sun/xml/bind/jaxb-core/2.3.0.1/jaxb-core-2.3.0.1.jar:/Users/kayiin/.m2/repository/com/sun/xml/bind/jaxb-impl/2.3.3/jaxb-impl-2.3.3.jar:/Users/kayiin/.m2/repository/jakarta/xml/bind/jakarta.xml.bind-api/2.3.3/jakarta.xml.bind-api-2.3.3.jar:/Users/kayiin/.m2/repository/com/sun/activation/jakarta.activation/1.2.2/jakarta.activation-1.2.2.jar:/Users/kayiin/.m2/repository/javax/activation/activation/1.1.1/activation-1.1.1.jar:/Users/kayiin/.m2/repository/net/serenity-bdd/serenity-cucumber/4.1.4/serenity-cucumber-4.1.4.jar:/Users/kayiin/.m2/repository/io/cucumber/cucumber-core/7.15.0/cucumber-core-7.15.0.jar:/Users/kayiin/.m2/repository/io/cucumber/cucumber-gherkin/7.15.0/cucumber-gherkin-7.15.0.jar:/Users/kayiin/.m2/repository/io/cucumber/cucumber-gherkin-messages/7.15.0/cucumber-gherkin-messages-7.15.0.jar:/Users/kayiin/.m2/repository/io/cucumber/gherkin/26.2.0/gherkin-26.2.0.jar:/Users/kayiin/.m2/repository/io/cucumber/messages/22.0.0/messages-22.0.0.jar:/Users/kayiin/.m2/repository/io/cucumber/tag-expressions/6.0.0/tag-expressions-6.0.0.jar:/Users/kayiin/.m2/repository/io/cucumber/cucumber-expressions/17.0.1/cucumber-expressions-17.0.1.jar:/Users/kayiin/.m2/repository/io/cucumber/datatable/7.15.0/datatable-7.15.0.jar:/Users/kayiin/.m2/repository/io/cucumber/cucumber-plugin/7.15.0/cucumber-plugin-7.15.0.jar:/Users/kayiin/.m2/repository/io/cucumber/docstring/7.15.0/docstring-7.15.0.jar:/Users/kayiin/.m2/repository/io/cucumber/html-formatter/20.4.0/html-formatter-20.4.0.jar:/Users/kayiin/.m2/repository/io/cucumber/junit-xml-formatter/0.2.0/junit-xml-formatter-0.2.0.jar:/Users/kayiin/.m2/repository/io/cucumber/ci-environment/10.0.0/ci-environment-10.0.0.jar:/Users/kayiin/.m2/repository/io/cucumber/cucumber-java/7.15.0/cucumber-java-7.15.0.jar:/Users/kayiin/.m2/repository/io/cucumber/cucumber-junit/7.15.0/cucumber-junit-7.15.0.jar:/Users/kayiin/.m2/repository/org/apache/commons/commons-csv/1.5/commons-csv-1.5.jar:/Users/kayiin/.m2/repository/net/serenity-bdd/serenity-screenplay/4.1.4/serenity-screenplay-4.1.4.jar:/Users/kayiin/.m2/repository/net/serenity-bdd/serenity-screenplay-webdriver/4.1.4/serenity-screenplay-webdriver-4.1.4.jar:/Users/kayiin/.m2/repository/net/serenity-bdd/serenity-ensure/4.1.4/serenity-ensure-4.1.4.jar:/Users/kayiin/.m2/repository/org/jetbrains/kotlin/kotlin-stdlib/1.9.0/kotlin-stdlib-1.9.0.jar:/Users/kayiin/.m2/repository/org/jetbrains/kotlin/kotlin-stdlib-common/1.9.0/kotlin-stdlib-common-1.9.0.jar:/Users/kayiin/.m2/repository/org/jetbrains/annotations/13.0/annotations-13.0.jar:/Users/kayiin/.m2/repository/org/junit/platform/junit-platform-launcher/1.9.2/junit-platform-launcher-1.9.2.jar:/Users/kayiin/.m2/repository/org/junit/platform/junit-platform-engine/1.9.2/junit-platform-engine-1.9.2.jar:/Users/kayiin/.m2/repository/org/opentest4j/opentest4j/1.2.0/opentest4j-1.2.0.jar:/Users/kayiin/.m2/repository/org/junit/platform/junit-platform-commons/1.9.2/junit-platform-commons-1.9.2.jar:/Users/kayiin/.m2/repository/org/apiguardian/apiguardian-api/1.1.2/apiguardian-api-1.1.2.jar:/Users/kayiin/.m2/repository/org/junit/jupiter/junit-jupiter-engine/5.9.2/junit-jupiter-engine-5.9.2.jar:/Users/kayiin/.m2/repository/org/junit/jupiter/junit-jupiter-api/5.9.2/junit-jupiter-api-5.9.2.jar:/Users/kayiin/.m2/repository/org/junit/vintage/junit-vintage-engine/5.9.2/junit-vintage-engine-5.9.2.jar:/Users/kayiin/.m2/repository/junit/junit/4.13.2/junit-4.13.2.jar:/Users/kayiin/.m2/repository/org/hamcrest/hamcrest-core/1.3/hamcrest-core-1.3.jar:/Users/kayiin/.m2/repository/ch/qos/logback/logback-classic/1.4.7/logback-classic-1.4.7.jar:/Users/kayiin/.m2/repository/ch/qos/logback/logback-core/1.4.7/logback-core-1.4.7.jar:/Users/kayiin/.m2/repository/org/slf4j/slf4j-api/2.0.4/slf4j-api-2.0.4.jar:/Users/kayiin/.m2/repository/org/assertj/assertj-core/3.24.2/assertj-core-3.24.2.jar:/Users/kayiin/.m2/repository/net/bytebuddy/byte-buddy/1.12.21/byte-buddy-1.12.21.jar:"/>
    <property name="java.vm.vendor" value="Oracle Corporation"/>
    <property name="sun.arch.data.model" value="64"/>
    <property name="java.vendor.url" value="https://java.oracle.com/"/>
    <property name="user.timezone" value="Asia/Jakarta"/>
    <property name="os.name" value="Mac OS X"/>
    <property name="java.vm.specification.version" value="19"/>
    <property name="sun.java.launcher" value="SUN_STANDARD"/>
    <property name="user.country" value="ID"/>
    <property name="sun.boot.library.path" value="/Library/Java/JavaVirtualMachines/jdk-19.jdk/Contents/Home/lib"/>
    <property name="sun.java.command" value="org.apache.maven.surefire.booter.ForkedBooter /Users/kayiin/Downloads/Persiapan MSIB/portofolio/Saucedemo_Web_Testing/target/surefire 2024-05-13T22-51-45_655-jvmRun1 surefire5591693009475553330tmp surefire_03114539356899715815tmp"/>
    <property name="http.nonProxyHosts" value="local|*.local|169.254/16|*.169.254/16"/>
    <property name="jdk.debug" value="release"/>
    <property name="surefire.test.class.path" value="/Users/kayiin/Downloads/Persiapan MSIB/portofolio/Saucedemo_Web_Testing/target/test-classes:/Users/kayiin/.m2/repository/net/serenity-bdd/serenity-core/4.1.4/serenity-core-4.1.4.jar:/Users/kayiin/.m2/repository/net/serenity-bdd/serenity-model/4.1.4/serenity-model-4.1.4.jar:/Users/kayiin/.m2/repository/org/apache/commons/commons-text/1.11.0/commons-text-1.11.0.jar:/Users/kayiin/.m2/repository/commons-net/commons-net/3.10.0/commons-net-3.10.0.jar:/Users/kayiin/.m2/repository/com/google/guava/guava/32.1.3-jre/guava-32.1.3-jre.jar:/Users/kayiin/.m2/repository/com/google/guava/failureaccess/1.0.1/failureaccess-1.0.1.jar:/Users/kayiin/.m2/repository/com/google/guava/listenablefuture/9999.0-empty-to-avoid-conflict-with-guava/listenablefuture-9999.0-empty-to-avoid-conflict-with-guava.jar:/Users/kayiin/.m2/repository/com/google/code/findbugs/jsr305/3.0.2/jsr305-3.0.2.jar:/Users/kayiin/.m2/repository/org/checkerframework/checker-qual/3.37.0/checker-qual-3.37.0.jar:/Users/kayiin/.m2/repository/com/google/errorprone/error_prone_annotations/2.21.1/error_prone_annotations-2.21.1.jar:/Users/kayiin/.m2/repository/com/google/j2objc/j2objc-annotations/2.8/j2objc-annotations-2.8.jar:/Users/kayiin/.m2/repository/org/jsoup/jsoup/1.15.4/jsoup-1.15.4.jar:/Users/kayiin/.m2/repository/com/thoughtworks/xstream/xstream/1.4.20/xstream-1.4.20.jar:/Users/kayiin/.m2/repository/io/github/x-stream/mxparser/1.2.2/mxparser-1.2.2.jar:/Users/kayiin/.m2/repository/xmlpull/xmlpull/1.1.3.1/xmlpull-1.1.3.1.jar:/Users/kayiin/.m2/repository/com/typesafe/config/1.4.3/config-1.4.3.jar:/Users/kayiin/.m2/repository/org/imgscalr/imgscalr-lib/4.2/imgscalr-lib-4.2.jar:/Users/kayiin/.m2/repository/org/awaitility/awaitility/4.2.0/awaitility-4.2.0.jar:/Users/kayiin/.m2/repository/org/freemarker/freemarker/2.3.32/freemarker-2.3.32.jar:/Users/kayiin/.m2/repository/io/github/classgraph/classgraph/4.8.157/classgraph-4.8.157.jar:/Users/kayiin/.m2/repository/com/github/ben-manes/caffeine/caffeine/2.9.2/caffeine-2.9.2.jar:/Users/kayiin/.m2/repository/org/ehcache/ehcache/3.10.8/ehcache-3.10.8.jar:/Users/kayiin/.m2/repository/javax/cache/cache-api/1.1.0/cache-api-1.1.0.jar:/Users/kayiin/.m2/repository/net/sourceforge/jexcelapi/jxl/2.6.12/jxl-2.6.12.jar:/Users/kayiin/.m2/repository/net/bytebuddy/byte-buddy-agent/1.14.12/byte-buddy-agent-1.14.12.jar:/Users/kayiin/.m2/repository/org/objenesis/objenesis/3.3/objenesis-3.3.jar:/Users/kayiin/.m2/repository/com/vladsch/flexmark/flexmark-all/0.64.8/flexmark-all-0.64.8.jar:/Users/kayiin/.m2/repository/com/vladsch/flexmark/flexmark/0.64.8/flexmark-0.64.8.jar:/Users/kayiin/.m2/repository/com/vladsch/flexmark/flexmark-ext-abbreviation/0.64.8/flexmark-ext-abbreviation-0.64.8.jar:/Users/kayiin/.m2/repository/com/vladsch/flexmark/flexmark-ext-admonition/0.64.8/flexmark-ext-admonition-0.64.8.jar:/Users/kayiin/.m2/repository/com/vladsch/flexmark/flexmark-ext-anchorlink/0.64.8/flexmark-ext-anchorlink-0.64.8.jar:/Users/kayiin/.m2/repository/com/vladsch/flexmark/flexmark-ext-aside/0.64.8/flexmark-ext-aside-0.64.8.jar:/Users/kayiin/.m2/repository/com/vladsch/flexmark/flexmark-ext-attributes/0.64.8/flexmark-ext-attributes-0.64.8.jar:/Users/kayiin/.m2/repository/com/vladsch/flexmark/flexmark-ext-autolink/0.64.8/flexmark-ext-autolink-0.64.8.jar:/Users/kayiin/.m2/repository/org/nibor/autolink/autolink/0.6.0/autolink-0.6.0.jar:/Users/kayiin/.m2/repository/com/vladsch/flexmark/flexmark-ext-definition/0.64.8/flexmark-ext-definition-0.64.8.jar:/Users/kayiin/.m2/repository/com/vladsch/flexmark/flexmark-ext-emoji/0.64.8/flexmark-ext-emoji-0.64.8.jar:/Users/kayiin/.m2/repository/com/vladsch/flexmark/flexmark-ext-enumerated-reference/0.64.8/flexmark-ext-enumerated-reference-0.64.8.jar:/Users/kayiin/.m2/repository/com/vladsch/flexmark/flexmark-ext-escaped-character/0.64.8/flexmark-ext-escaped-character-0.64.8.jar:/Users/kayiin/.m2/repository/com/vladsch/flexmark/flexmark-ext-footnotes/0.64.8/flexmark-ext-footnotes-0.64.8.jar:/Users/kayiin/.m2/repository/com/vladsch/flexmark/flexmark-ext-gfm-issues/0.64.8/flexmark-ext-gfm-issues-0.64.8.jar:/Users/kayiin/.m2/repository/com/vladsch/flexmark/flexmark-ext-gfm-strikethrough/0.64.8/flexmark-ext-gfm-strikethrough-0.64.8.jar:/Users/kayiin/.m2/repository/com/vladsch/flexmark/flexmark-ext-gfm-tasklist/0.64.8/flexmark-ext-gfm-tasklist-0.64.8.jar:/Users/kayiin/.m2/repository/com/vladsch/flexmark/flexmark-ext-gfm-users/0.64.8/flexmark-ext-gfm-users-0.64.8.jar:/Users/kayiin/.m2/repository/com/vladsch/flexmark/flexmark-ext-gitlab/0.64.8/flexmark-ext-gitlab-0.64.8.jar:/Users/kayiin/.m2/repository/com/vladsch/flexmark/flexmark-ext-jekyll-front-matter/0.64.8/flexmark-ext-jekyll-front-matter-0.64.8.jar:/Users/kayiin/.m2/repository/com/vladsch/flexmark/flexmark-ext-jekyll-tag/0.64.8/flexmark-ext-jekyll-tag-0.64.8.jar:/Users/kayiin/.m2/repository/com/vladsch/flexmark/flexmark-ext-media-tags/0.64.8/flexmark-ext-media-tags-0.64.8.jar:/Users/kayiin/.m2/repository/com/vladsch/flexmark/flexmark-ext-macros/0.64.8/flexmark-ext-macros-0.64.8.jar:/Users/kayiin/.m2/repository/com/vladsch/flexmark/flexmark-ext-ins/0.64.8/flexmark-ext-ins-0.64.8.jar:/Users/kayiin/.m2/repository/com/vladsch/flexmark/flexmark-ext-xwiki-macros/0.64.8/flexmark-ext-xwiki-macros-0.64.8.jar:/Users/kayiin/.m2/repository/com/vladsch/flexmark/flexmark-ext-superscript/0.64.8/flexmark-ext-superscript-0.64.8.jar:/Users/kayiin/.m2/repository/com/vladsch/flexmark/flexmark-ext-toc/0.64.8/flexmark-ext-toc-0.64.8.jar:/Users/kayiin/.m2/repository/com/vladsch/flexmark/flexmark-ext-typographic/0.64.8/flexmark-ext-typographic-0.64.8.jar:/Users/kayiin/.m2/repository/com/vladsch/flexmark/flexmark-ext-wikilink/0.64.8/flexmark-ext-wikilink-0.64.8.jar:/Users/kayiin/.m2/repository/com/vladsch/flexmark/flexmark-ext-yaml-front-matter/0.64.8/flexmark-ext-yaml-front-matter-0.64.8.jar:/Users/kayiin/.m2/repository/com/vladsch/flexmark/flexmark-ext-youtube-embedded/0.64.8/flexmark-ext-youtube-embedded-0.64.8.jar:/Users/kayiin/.m2/repository/com/vladsch/flexmark/flexmark-html2md-converter/0.64.8/flexmark-html2md-converter-0.64.8.jar:/Users/kayiin/.m2/repository/com/vladsch/flexmark/flexmark-jira-converter/0.64.8/flexmark-jira-converter-0.64.8.jar:/Users/kayiin/.m2/repository/com/vladsch/flexmark/flexmark-pdf-converter/0.64.8/flexmark-pdf-converter-0.64.8.jar:/Users/kayiin/.m2/repository/com/openhtmltopdf/openhtmltopdf-core/1.0.10/openhtmltopdf-core-1.0.10.jar:/Users/kayiin/.m2/repository/com/openhtmltopdf/openhtmltopdf-pdfbox/1.0.10/openhtmltopdf-pdfbox-1.0.10.jar:/Users/kayiin/.m2/repository/org/apache/pdfbox/pdfbox/2.0.24/pdfbox-2.0.24.jar:/Users/kayiin/.m2/repository/org/apache/pdfbox/fontbox/2.0.24/fontbox-2.0.24.jar:/Users/kayiin/.m2/repository/org/apache/pdfbox/xmpbox/2.0.24/xmpbox-2.0.24.jar:/Users/kayiin/.m2/repository/de/rototor/pdfbox/graphics2d/0.32/graphics2d-0.32.jar:/Users/kayiin/.m2/repository/com/openhtmltopdf/openhtmltopdf-rtl-support/1.0.10/openhtmltopdf-rtl-support-1.0.10.jar:/Users/kayiin/.m2/repository/com/vladsch/flexmark/flexmark-profile-pegdown/0.64.8/flexmark-profile-pegdown-0.64.8.jar:/Users/kayiin/.m2/repository/com/vladsch/flexmark/flexmark-util-ast/0.64.8/flexmark-util-ast-0.64.8.jar:/Users/kayiin/.m2/repository/com/vladsch/flexmark/flexmark-util-builder/0.64.8/flexmark-util-builder-0.64.8.jar:/Users/kayiin/.m2/repository/com/vladsch/flexmark/flexmark-util-collection/0.64.8/flexmark-util-collection-0.64.8.jar:/Users/kayiin/.m2/repository/com/vladsch/flexmark/flexmark-util-data/0.64.8/flexmark-util-data-0.64.8.jar:/Users/kayiin/.m2/repository/com/vladsch/flexmark/flexmark-util-dependency/0.64.8/flexmark-util-dependency-0.64.8.jar:/Users/kayiin/.m2/repository/com/vladsch/flexmark/flexmark-util-format/0.64.8/flexmark-util-format-0.64.8.jar:/Users/kayiin/.m2/repository/com/vladsch/flexmark/flexmark-util-html/0.64.8/flexmark-util-html-0.64.8.jar:/Users/kayiin/.m2/repository/com/vladsch/flexmark/flexmark-util-misc/0.64.8/flexmark-util-misc-0.64.8.jar:/Users/kayiin/.m2/repository/com/vladsch/flexmark/flexmark-util-options/0.64.8/flexmark-util-options-0.64.8.jar:/Users/kayiin/.m2/repository/com/vladsch/flexmark/flexmark-util-sequence/0.64.8/flexmark-util-sequence-0.64.8.jar:/Users/kayiin/.m2/repository/com/vladsch/flexmark/flexmark-util-visitor/0.64.8/flexmark-util-visitor-0.64.8.jar:/Users/kayiin/.m2/repository/com/vladsch/flexmark/flexmark-youtrack-converter/0.64.8/flexmark-youtrack-converter-0.64.8.jar:/Users/kayiin/.m2/repository/com/vladsch/flexmark/flexmark-ext-resizable-image/0.64.8/flexmark-ext-resizable-image-0.64.8.jar:/Users/kayiin/.m2/repository/com/vladsch/flexmark/flexmark-ext-tables/0.64.8/flexmark-ext-tables-0.64.8.jar:/Users/kayiin/.m2/repository/com/vladsch/flexmark/flexmark-util/0.64.8/flexmark-util-0.64.8.jar:/Users/kayiin/.m2/repository/net/serenity-bdd/serenity-reports/4.1.4/serenity-reports-4.1.4.jar:/Users/kayiin/.m2/repository/net/serenity-bdd/serenity-stats/4.1.4/serenity-stats-4.1.4.jar:/Users/kayiin/.m2/repository/net/serenity-bdd/serenity-reports-configuration/4.1.4/serenity-reports-configuration-4.1.4.jar:/Users/kayiin/.m2/repository/com/ibm/icu/icu4j/72.1/icu4j-72.1.jar:/Users/kayiin/.m2/repository/es/nitaur/markdown/txtmark/0.16/txtmark-0.16.jar:/Users/kayiin/.m2/repository/net/serenity-bdd/serenity-report-resources/4.1.4/serenity-report-resources-4.1.4.jar:/Users/kayiin/.m2/repository/com/google/code/gson/gson/2.10.1/gson-2.10.1.jar:/Users/kayiin/.m2/repository/com/fasterxml/jackson/core/jackson-core/2.16.0/jackson-core-2.16.0.jar:/Users/kayiin/.m2/repository/com/fasterxml/jackson/core/jackson-databind/2.16.0/jackson-databind-2.16.0.jar:/Users/kayiin/.m2/repository/com/fasterxml/jackson/core/jackson-annotations/2.16.0/jackson-annotations-2.16.0.jar:/Users/kayiin/.m2/repository/commons-codec/commons-codec/1.16.0/commons-codec-1.16.0.jar:/Users/kayiin/.m2/repository/commons-io/commons-io/2.15.1/commons-io-2.15.1.jar:/Users/kayiin/.m2/repository/org/apache/httpcomponents/httpclient/4.5.13/httpclient-4.5.13.jar:/Users/kayiin/.m2/repository/org/apache/httpcomponents/httpcore/4.4.13/httpcore-4.4.13.jar:/Users/kayiin/.m2/repository/commons-logging/commons-logging/1.2/commons-logging-1.2.jar:/Users/kayiin/.m2/repository/org/seleniumhq/selenium/selenium-java/4.18.1/selenium-java-4.18.1.jar:/Users/kayiin/.m2/repository/org/seleniumhq/selenium/selenium-devtools-v120/4.18.1/selenium-devtools-v120-4.18.1.jar:/Users/kayiin/.m2/repository/org/seleniumhq/selenium/selenium-devtools-v121/4.18.1/selenium-devtools-v121-4.18.1.jar:/Users/kayiin/.m2/repository/org/seleniumhq/selenium/selenium-devtools-v122/4.18.1/selenium-devtools-v122-4.18.1.jar:/Users/kayiin/.m2/repository/org/seleniumhq/selenium/selenium-devtools-v85/4.18.1/selenium-devtools-v85-4.18.1.jar:/Users/kayiin/.m2/repository/org/seleniumhq/selenium/selenium-remote-driver/4.18.1/selenium-remote-driver-4.18.1.jar:/Users/kayiin/.m2/repository/io/opentelemetry/semconv/opentelemetry-semconv/1.23.1-alpha/opentelemetry-semconv-1.23.1-alpha.jar:/Users/kayiin/.m2/repository/io/opentelemetry/opentelemetry-api/1.35.0/opentelemetry-api-1.35.0.jar:/Users/kayiin/.m2/repository/io/opentelemetry/opentelemetry-context/1.35.0/opentelemetry-context-1.35.0.jar:/Users/kayiin/.m2/repository/io/opentelemetry/opentelemetry-exporter-logging/1.35.0/opentelemetry-exporter-logging-1.35.0.jar:/Users/kayiin/.m2/repository/io/opentelemetry/opentelemetry-sdk-common/1.35.0/opentelemetry-sdk-common-1.35.0.jar:/Users/kayiin/.m2/repository/io/opentelemetry/opentelemetry-sdk-extension-autoconfigure-spi/1.35.0/opentelemetry-sdk-extension-autoconfigure-spi-1.35.0.jar:/Users/kayiin/.m2/repository/io/opentelemetry/opentelemetry-sdk-extension-autoconfigure/1.35.0/opentelemetry-sdk-extension-autoconfigure-1.35.0.jar:/Users/kayiin/.m2/repository/io/opentelemetry/opentelemetry-api-events/1.35.0-alpha/opentelemetry-api-events-1.35.0-alpha.jar:/Users/kayiin/.m2/repository/io/opentelemetry/opentelemetry-sdk-trace/1.35.0/opentelemetry-sdk-trace-1.35.0.jar:/Users/kayiin/.m2/repository/io/opentelemetry/opentelemetry-extension-incubator/1.35.0-alpha/opentelemetry-extension-incubator-1.35.0-alpha.jar:/Users/kayiin/.m2/repository/io/opentelemetry/opentelemetry-sdk/1.35.0/opentelemetry-sdk-1.35.0.jar:/Users/kayiin/.m2/repository/io/opentelemetry/opentelemetry-sdk-metrics/1.35.0/opentelemetry-sdk-metrics-1.35.0.jar:/Users/kayiin/.m2/repository/io/opentelemetry/opentelemetry-sdk-logs/1.35.0/opentelemetry-sdk-logs-1.35.0.jar:/Users/kayiin/.m2/repository/org/seleniumhq/selenium/selenium-os/4.18.1/selenium-os-4.18.1.jar:/Users/kayiin/.m2/repository/org/apache/commons/commons-exec/1.3/commons-exec-1.3.jar:/Users/kayiin/.m2/repository/org/seleniumhq/selenium/selenium-safari-driver/4.18.1/selenium-safari-driver-4.18.1.jar:/Users/kayiin/.m2/repository/org/seleniumhq/selenium/selenium-api/4.18.1/selenium-api-4.18.1.jar:/Users/kayiin/.m2/repository/org/seleniumhq/selenium/selenium-support/4.18.1/selenium-support-4.18.1.jar:/Users/kayiin/.m2/repository/com/google/auto/service/auto-service-annotations/1.1.1/auto-service-annotations-1.1.1.jar:/Users/kayiin/.m2/repository/org/seleniumhq/selenium/selenium-json/4.18.1/selenium-json-4.18.1.jar:/Users/kayiin/.m2/repository/org/seleniumhq/selenium/selenium-chrome-driver/4.18.1/selenium-chrome-driver-4.18.1.jar:/Users/kayiin/.m2/repository/org/seleniumhq/selenium/selenium-chromium-driver/4.18.1/selenium-chromium-driver-4.18.1.jar:/Users/kayiin/.m2/repository/org/seleniumhq/selenium/selenium-manager/4.18.1/selenium-manager-4.18.1.jar:/Users/kayiin/.m2/repository/org/seleniumhq/selenium/selenium-firefox-driver/4.18.1/selenium-firefox-driver-4.18.1.jar:/Users/kayiin/.m2/repository/org/seleniumhq/selenium/selenium-http/4.18.1/selenium-http-4.18.1.jar:/Users/kayiin/.m2/repository/dev/failsafe/failsafe/3.3.2/failsafe-3.3.2.jar:/Users/kayiin/.m2/repository/org/seleniumhq/selenium/selenium-edge-driver/4.18.1/selenium-edge-driver-4.18.1.jar:/Users/kayiin/.m2/repository/org/seleniumhq/selenium/selenium-ie-driver/4.18.1/selenium-ie-driver-4.18.1.jar:/Users/kayiin/.m2/repository/org/htmlunit/htmlunit/3.11.0/htmlunit-3.11.0.jar:/Users/kayiin/.m2/repository/org/apache/httpcomponents/httpmime/4.5.14/httpmime-4.5.14.jar:/Users/kayiin/.m2/repository/org/htmlunit/htmlunit-core-js/3.11.0/htmlunit-core-js-3.11.0.jar:/Users/kayiin/.m2/repository/org/htmlunit/neko-htmlunit/3.11.2/neko-htmlunit-3.11.2.jar:/Users/kayiin/.m2/repository/org/htmlunit/htmlunit-cssparser/3.11.0/htmlunit-cssparser-3.11.0.jar:/Users/kayiin/.m2/repository/org/htmlunit/htmlunit-xpath/3.11.0/htmlunit-xpath-3.11.0.jar:/Users/kayiin/.m2/repository/org/htmlunit/htmlunit-csp/3.11.0/htmlunit-csp-3.11.0.jar:/Users/kayiin/.m2/repository/org/brotli/dec/0.1.2/dec-0.1.2.jar:/Users/kayiin/.m2/repository/org/eclipse/jetty/websocket/websocket-client/9.4.53.v20231009/websocket-client-9.4.53.v20231009.jar:/Users/kayiin/.m2/repository/org/eclipse/jetty/jetty-client/9.4.53.v20231009/jetty-client-9.4.53.v20231009.jar:/Users/kayiin/.m2/repository/org/eclipse/jetty/jetty-http/9.4.53.v20231009/jetty-http-9.4.53.v20231009.jar:/Users/kayiin/.m2/repository/org/eclipse/jetty/jetty-util/9.4.53.v20231009/jetty-util-9.4.53.v20231009.jar:/Users/kayiin/.m2/repository/org/eclipse/jetty/jetty-io/9.4.53.v20231009/jetty-io-9.4.53.v20231009.jar:/Users/kayiin/.m2/repository/org/eclipse/jetty/websocket/websocket-common/9.4.53.v20231009/websocket-common-9.4.53.v20231009.jar:/Users/kayiin/.m2/repository/org/eclipse/jetty/websocket/websocket-api/9.4.53.v20231009/websocket-api-9.4.53.v20231009.jar:/Users/kayiin/.m2/repository/org/seleniumhq/selenium/htmlunit3-driver/4.17.0/htmlunit3-driver-4.17.0.jar:/Users/kayiin/.m2/repository/io/appium/java-client/9.0.0/java-client-9.0.0.jar:/Users/kayiin/.m2/repository/org/apache/groovy/groovy/4.0.13/groovy-4.0.13.jar:/Users/kayiin/.m2/repository/net/sf/opencsv/opencsv/2.1/opencsv-2.1.jar:/Users/kayiin/.m2/repository/org/apache/commons/commons-lang3/3.14.0/commons-lang3-3.14.0.jar:/Users/kayiin/.m2/repository/org/apache/commons/commons-compress/1.26.0/commons-compress-1.26.0.jar:/Users/kayiin/.m2/repository/org/fluentlenium/fluentlenium-core/0.10.2/fluentlenium-core-0.10.2.jar:/Users/kayiin/.m2/repository/com/jhlabs/filters/2.0.235/filters-2.0.235.jar:/Users/kayiin/.m2/repository/com/paulhammant/ngwebdriver/1.1.6/ngwebdriver-1.1.6.jar:/Users/kayiin/.m2/repository/joda-time/joda-time/2.12.5/joda-time-2.12.5.jar:/Users/kayiin/.m2/repository/org/hamcrest/hamcrest/2.2/hamcrest-2.2.jar:/Users/kayiin/.m2/repository/com/google/jimfs/jimfs/1.3.0/jimfs-1.3.0.jar:/Users/kayiin/.m2/repository/org/mockito/mockito-core/3.3.3/mockito-core-3.3.3.jar:/Users/kayiin/.m2/repository/javax/xml/bind/jaxb-api/2.3.1/jaxb-api-2.3.1.jar:/Users/kayiin/.m2/repository/javax/activation/javax.activation-api/1.2.0/javax.activation-api-1.2.0.jar:/Users/kayiin/.m2/repository/com/sun/xml/bind/jaxb-core/2.3.0.1/jaxb-core-2.3.0.1.jar:/Users/kayiin/.m2/repository/com/sun/xml/bind/jaxb-impl/2.3.3/jaxb-impl-2.3.3.jar:/Users/kayiin/.m2/repository/jakarta/xml/bind/jakarta.xml.bind-api/2.3.3/jakarta.xml.bind-api-2.3.3.jar:/Users/kayiin/.m2/repository/com/sun/activation/jakarta.activation/1.2.2/jakarta.activation-1.2.2.jar:/Users/kayiin/.m2/repository/javax/activation/activation/1.1.1/activation-1.1.1.jar:/Users/kayiin/.m2/repository/net/serenity-bdd/serenity-cucumber/4.1.4/serenity-cucumber-4.1.4.jar:/Users/kayiin/.m2/repository/io/cucumber/cucumber-core/7.15.0/cucumber-core-7.15.0.jar:/Users/kayiin/.m2/repository/io/cucumber/cucumber-gherkin/7.15.0/cucumber-gherkin-7.15.0.jar:/Users/kayiin/.m2/repository/io/cucumber/cucumber-gherkin-messages/7.15.0/cucumber-gherkin-messages-7.15.0.jar:/Users/kayiin/.m2/repository/io/cucumber/gherkin/26.2.0/gherkin-26.2.0.jar:/Users/kayiin/.m2/repository/io/cucumber/messages/22.0.0/messages-22.0.0.jar:/Users/kayiin/.m2/repository/io/cucumber/tag-expressions/6.0.0/tag-expressions-6.0.0.jar:/Users/kayiin/.m2/repository/io/cucumber/cucumber-expressions/17.0.1/cucumber-expressions-17.0.1.jar:/Users/kayiin/.m2/repository/io/cucumber/datatable/7.15.0/datatable-7.15.0.jar:/Users/kayiin/.m2/repository/io/cucumber/cucumber-plugin/7.15.0/cucumber-plugin-7.15.0.jar:/Users/kayiin/.m2/repository/io/cucumber/docstring/7.15.0/docstring-7.15.0.jar:/Users/kayiin/.m2/repository/io/cucumber/html-formatter/20.4.0/html-formatter-20.4.0.jar:/Users/kayiin/.m2/repository/io/cucumber/junit-xml-formatter/0.2.0/junit-xml-formatter-0.2.0.jar:/Users/kayiin/.m2/repository/io/cucumber/ci-environment/10.0.0/ci-environment-10.0.0.jar:/Users/kayiin/.m2/repository/io/cucumber/cucumber-java/7.15.0/cucumber-java-7.15.0.jar:/Users/kayiin/.m2/repository/io/cucumber/cucumber-junit/7.15.0/cucumber-junit-7.15.0.jar:/Users/kayiin/.m2/repository/org/apache/commons/commons-csv/1.5/commons-csv-1.5.jar:/Users/kayiin/.m2/repository/net/serenity-bdd/serenity-screenplay/4.1.4/serenity-screenplay-4.1.4.jar:/Users/kayiin/.m2/repository/net/serenity-bdd/serenity-screenplay-webdriver/4.1.4/serenity-screenplay-webdriver-4.1.4.jar:/Users/kayiin/.m2/repository/net/serenity-bdd/serenity-ensure/4.1.4/serenity-ensure-4.1.4.jar:/Users/kayiin/.m2/repository/org/jetbrains/kotlin/kotlin-stdlib/1.9.0/kotlin-stdlib-1.9.0.jar:/Users/kayiin/.m2/repository/org/jetbrains/kotlin/kotlin-stdlib-common/1.9.0/kotlin-stdlib-common-1.9.0.jar:/Users/kayiin/.m2/repository/org/jetbrains/annotations/13.0/annotations-13.0.jar:/Users/kayiin/.m2/repository/org/junit/platform/junit-platform-launcher/1.9.2/junit-platform-launcher-1.9.2.jar:/Users/kayiin/.m2/repository/org/junit/platform/junit-platform-engine/1.9.2/junit-platform-engine-1.9.2.jar:/Users/kayiin/.m2/repository/org/opentest4j/opentest4j/1.2.0/opentest4j-1.2.0.jar:/Users/kayiin/.m2/repository/org/junit/platform/junit-platform-commons/1.9.2/junit-platform-commons-1.9.2.jar:/Users/kayiin/.m2/repository/org/apiguardian/apiguardian-api/1.1.2/apiguardian-api-1.1.2.jar:/Users/kayiin/.m2/repository/org/junit/jupiter/junit-jupiter-engine/5.9.2/junit-jupiter-engine-5.9.2.jar:/Users/kayiin/.m2/repository/org/junit/jupiter/junit-jupiter-api/5.9.2/junit-jupiter-api-5.9.2.jar:/Users/kayiin/.m2/repository/org/junit/vintage/junit-vintage-engine/5.9.2/junit-vintage-engine-5.9.2.jar:/Users/kayiin/.m2/repository/junit/junit/4.13.2/junit-4.13.2.jar:/Users/kayiin/.m2/repository/org/hamcrest/hamcrest-core/1.3/hamcrest-core-1.3.jar:/Users/kayiin/.m2/repository/ch/qos/logback/logback-classic/1.4.7/logback-classic-1.4.7.jar:/Users/kayiin/.m2/repository/ch/qos/logback/logback-core/1.4.7/logback-core-1.4.7.jar:/Users/kayiin/.m2/repository/org/slf4j/slf4j-api/2.0.4/slf4j-api-2.0.4.jar:/Users/kayiin/.m2/repository/org/assertj/assertj-core/3.24.2/assertj-core-3.24.2.jar:/Users/kayiin/.m2/repository/net/bytebuddy/byte-buddy/1.12.21/byte-buddy-1.12.21.jar:"/>
    <property name="sun.cpu.endian" value="little"/>
    <property name="user.home" value="/Users/kayiin"/>
    <property name="user.language" value="in"/>
    <property name="java.specification.vendor" value="Oracle Corporation"/>
    <property name="jdk.module.path" value="/Users/kayiin/Downloads/Persiapan MSIB/portofolio/Saucedemo_Web_Testing/target/web-serenity-starter-1.0-SNAPSHOT.jar"/>
    <property name="java.version.date" value="2023-01-17"/>
    <property name="java.home" value="/Library/Java/JavaVirtualMachines/jdk-19.jdk/Contents/Home"/>
    <property name="file.separator" value="/"/>
    <property name="basedir" value="/Users/kayiin/Downloads/Persiapan MSIB/portofolio/Saucedemo_Web_Testing"/>
    <property name="java.vm.compressedOopsMode" value="Zero based"/>
    <property name="line.separator" value="&#10;"/>
    <property name="java.vm.specification.vendor" value="Oracle Corporation"/>
    <property name="java.specification.name" value="Java Platform API Specification"/>
    <property name="apple.awt.application.name" value="ForkedBooter"/>
    <property name="surefire.real.class.path" value="/Users/kayiin/.m2/repository/org/apache/maven/surefire/surefire-booter/3.0.0-M5/surefire-booter-3.0.0-M5.jar:/Users/kayiin/.m2/repository/org/apache/maven/surefire/surefire-api/3.0.0-M5/surefire-api-3.0.0-M5.jar:/Users/kayiin/.m2/repository/org/apache/maven/surefire/surefire-logger-api/3.0.0-M5/surefire-logger-api-3.0.0-M5.jar:/Users/kayiin/.m2/repository/org/apache/maven/surefire/surefire-shared-utils/3.0.0-M4/surefire-shared-utils-3.0.0-M4.jar:/Users/kayiin/.m2/repository/org/apache/maven/surefire/surefire-extensions-spi/3.0.0-M5/surefire-extensions-spi-3.0.0-M5.jar:/Users/kayiin/Downloads/Persiapan MSIB/portofolio/Saucedemo_Web_Testing/target/test-classes:/Users/kayiin/.m2/repository/net/serenity-bdd/serenity-core/4.1.4/serenity-core-4.1.4.jar:/Users/kayiin/.m2/repository/net/serenity-bdd/serenity-model/4.1.4/serenity-model-4.1.4.jar:/Users/kayiin/.m2/repository/org/apache/commons/commons-text/1.11.0/commons-text-1.11.0.jar:/Users/kayiin/.m2/repository/commons-net/commons-net/3.10.0/commons-net-3.10.0.jar:/Users/kayiin/.m2/repository/com/google/guava/guava/32.1.3-jre/guava-32.1.3-jre.jar:/Users/kayiin/.m2/repository/com/google/guava/failureaccess/1.0.1/failureaccess-1.0.1.jar:/Users/kayiin/.m2/repository/com/google/guava/listenablefuture/9999.0-empty-to-avoid-conflict-with-guava/listenablefuture-9999.0-empty-to-avoid-conflict-with-guava.jar:/Users/kayiin/.m2/repository/com/google/code/findbugs/jsr305/3.0.2/jsr305-3.0.2.jar:/Users/kayiin/.m2/repository/org/checkerframework/checker-qual/3.37.0/checker-qual-3.37.0.jar:/Users/kayiin/.m2/repository/com/google/errorprone/error_prone_annotations/2.21.1/error_prone_annotations-2.21.1.jar:/Users/kayiin/.m2/repository/com/google/j2objc/j2objc-annotations/2.8/j2objc-annotations-2.8.jar:/Users/kayiin/.m2/repository/org/jsoup/jsoup/1.15.4/jsoup-1.15.4.jar:/Users/kayiin/.m2/repository/com/thoughtworks/xstream/xstream/1.4.20/xstream-1.4.20.jar:/Users/kayiin/.m2/repository/io/github/x-stream/mxparser/1.2.2/mxparser-1.2.2.jar:/Users/kayiin/.m2/repository/xmlpull/xmlpull/1.1.3.1/xmlpull-1.1.3.1.jar:/Users/kayiin/.m2/repository/com/typesafe/config/1.4.3/config-1.4.3.jar:/Users/kayiin/.m2/repository/org/imgscalr/imgscalr-lib/4.2/imgscalr-lib-4.2.jar:/Users/kayiin/.m2/repository/org/awaitility/awaitility/4.2.0/awaitility-4.2.0.jar:/Users/kayiin/.m2/repository/org/freemarker/freemarker/2.3.32/freemarker-2.3.32.jar:/Users/kayiin/.m2/repository/io/github/classgraph/classgraph/4.8.157/classgraph-4.8.157.jar:/Users/kayiin/.m2/repository/com/github/ben-manes/caffeine/caffeine/2.9.2/caffeine-2.9.2.jar:/Users/kayiin/.m2/repository/org/ehcache/ehcache/3.10.8/ehcache-3.10.8.jar:/Users/kayiin/.m2/repository/javax/cache/cache-api/1.1.0/cache-api-1.1.0.jar:/Users/kayiin/.m2/repository/net/sourceforge/jexcelapi/jxl/2.6.12/jxl-2.6.12.jar:/Users/kayiin/.m2/repository/net/bytebuddy/byte-buddy-agent/1.14.12/byte-buddy-agent-1.14.12.jar:/Users/kayiin/.m2/repository/org/objenesis/objenesis/3.3/objenesis-3.3.jar:/Users/kayiin/.m2/repository/com/vladsch/flexmark/flexmark-all/0.64.8/flexmark-all-0.64.8.jar:/Users/kayiin/.m2/repository/com/vladsch/flexmark/flexmark/0.64.8/flexmark-0.64.8.jar:/Users/kayiin/.m2/repository/com/vladsch/flexmark/flexmark-ext-abbreviation/0.64.8/flexmark-ext-abbreviation-0.64.8.jar:/Users/kayiin/.m2/repository/com/vladsch/flexmark/flexmark-ext-admonition/0.64.8/flexmark-ext-admonition-0.64.8.jar:/Users/kayiin/.m2/repository/com/vladsch/flexmark/flexmark-ext-anchorlink/0.64.8/flexmark-ext-anchorlink-0.64.8.jar:/Users/kayiin/.m2/repository/com/vladsch/flexmark/flexmark-ext-aside/0.64.8/flexmark-ext-aside-0.64.8.jar:/Users/kayiin/.m2/repository/com/vladsch/flexmark/flexmark-ext-attributes/0.64.8/flexmark-ext-attributes-0.64.8.jar:/Users/kayiin/.m2/repository/com/vladsch/flexmark/flexmark-ext-autolink/0.64.8/flexmark-ext-autolink-0.64.8.jar:/Users/kayiin/.m2/repository/org/nibor/autolink/autolink/0.6.0/autolink-0.6.0.jar:/Users/kayiin/.m2/repository/com/vladsch/flexmark/flexmark-ext-definition/0.64.8/flexmark-ext-definition-0.64.8.jar:/Users/kayiin/.m2/repository/com/vladsch/flexmark/flexmark-ext-emoji/0.64.8/flexmark-ext-emoji-0.64.8.jar:/Users/kayiin/.m2/repository/com/vladsch/flexmark/flexmark-ext-enumerated-reference/0.64.8/flexmark-ext-enumerated-reference-0.64.8.jar:/Users/kayiin/.m2/repository/com/vladsch/flexmark/flexmark-ext-escaped-character/0.64.8/flexmark-ext-escaped-character-0.64.8.jar:/Users/kayiin/.m2/repository/com/vladsch/flexmark/flexmark-ext-footnotes/0.64.8/flexmark-ext-footnotes-0.64.8.jar:/Users/kayiin/.m2/repository/com/vladsch/flexmark/flexmark-ext-gfm-issues/0.64.8/flexmark-ext-gfm-issues-0.64.8.jar:/Users/kayiin/.m2/repository/com/vladsch/flexmark/flexmark-ext-gfm-strikethrough/0.64.8/flexmark-ext-gfm-strikethrough-0.64.8.jar:/Users/kayiin/.m2/repository/com/vladsch/flexmark/flexmark-ext-gfm-tasklist/0.64.8/flexmark-ext-gfm-tasklist-0.64.8.jar:/Users/kayiin/.m2/repository/com/vladsch/flexmark/flexmark-ext-gfm-users/0.64.8/flexmark-ext-gfm-users-0.64.8.jar:/Users/kayiin/.m2/repository/com/vladsch/flexmark/flexmark-ext-gitlab/0.64.8/flexmark-ext-gitlab-0.64.8.jar:/Users/kayiin/.m2/repository/com/vladsch/flexmark/flexmark-ext-jekyll-front-matter/0.64.8/flexmark-ext-jekyll-front-matter-0.64.8.jar:/Users/kayiin/.m2/repository/com/vladsch/flexmark/flexmark-ext-jekyll-tag/0.64.8/flexmark-ext-jekyll-tag-0.64.8.jar:/Users/kayiin/.m2/repository/com/vladsch/flexmark/flexmark-ext-media-tags/0.64.8/flexmark-ext-media-tags-0.64.8.jar:/Users/kayiin/.m2/repository/com/vladsch/flexmark/flexmark-ext-macros/0.64.8/flexmark-ext-macros-0.64.8.jar:/Users/kayiin/.m2/repository/com/vladsch/flexmark/flexmark-ext-ins/0.64.8/flexmark-ext-ins-0.64.8.jar:/Users/kayiin/.m2/repository/com/vladsch/flexmark/flexmark-ext-xwiki-macros/0.64.8/flexmark-ext-xwiki-macros-0.64.8.jar:/Users/kayiin/.m2/repository/com/vladsch/flexmark/flexmark-ext-superscript/0.64.8/flexmark-ext-superscript-0.64.8.jar:/Users/kayiin/.m2/repository/com/vladsch/flexmark/flexmark-ext-toc/0.64.8/flexmark-ext-toc-0.64.8.jar:/Users/kayiin/.m2/repository/com/vladsch/flexmark/flexmark-ext-typographic/0.64.8/flexmark-ext-typographic-0.64.8.jar:/Users/kayiin/.m2/repository/com/vladsch/flexmark/flexmark-ext-wikilink/0.64.8/flexmark-ext-wikilink-0.64.8.jar:/Users/kayiin/.m2/repository/com/vladsch/flexmark/flexmark-ext-yaml-front-matter/0.64.8/flexmark-ext-yaml-front-matter-0.64.8.jar:/Users/kayiin/.m2/repository/com/vladsch/flexmark/flexmark-ext-youtube-embedded/0.64.8/flexmark-ext-youtube-embedded-0.64.8.jar:/Users/kayiin/.m2/repository/com/vladsch/flexmark/flexmark-html2md-converter/0.64.8/flexmark-html2md-converter-0.64.8.jar:/Users/kayiin/.m2/repository/com/vladsch/flexmark/flexmark-jira-converter/0.64.8/flexmark-jira-converter-0.64.8.jar:/Users/kayiin/.m2/repository/com/vladsch/flexmark/flexmark-pdf-converter/0.64.8/flexmark-pdf-converter-0.64.8.jar:/Users/kayiin/.m2/repository/com/openhtmltopdf/openhtmltopdf-core/1.0.10/openhtmltopdf-core-1.0.10.jar:/Users/kayiin/.m2/repository/com/openhtmltopdf/openhtmltopdf-pdfbox/1.0.10/openhtmltopdf-pdfbox-1.0.10.jar:/Users/kayiin/.m2/repository/org/apache/pdfbox/pdfbox/2.0.24/pdfbox-2.0.24.jar:/Users/kayiin/.m2/repository/org/apache/pdfbox/fontbox/2.0.24/fontbox-2.0.24.jar:/Users/kayiin/.m2/repository/org/apache/pdfbox/xmpbox/2.0.24/xmpbox-2.0.24.jar:/Users/kayiin/.m2/repository/de/rototor/pdfbox/graphics2d/0.32/graphics2d-0.32.jar:/Users/kayiin/.m2/repository/com/openhtmltopdf/openhtmltopdf-rtl-support/1.0.10/openhtmltopdf-rtl-support-1.0.10.jar:/Users/kayiin/.m2/repository/com/vladsch/flexmark/flexmark-profile-pegdown/0.64.8/flexmark-profile-pegdown-0.64.8.jar:/Users/kayiin/.m2/repository/com/vladsch/flexmark/flexmark-util-ast/0.64.8/flexmark-util-ast-0.64.8.jar:/Users/kayiin/.m2/repository/com/vladsch/flexmark/flexmark-util-builder/0.64.8/flexmark-util-builder-0.64.8.jar:/Users/kayiin/.m2/repository/com/vladsch/flexmark/flexmark-util-collection/0.64.8/flexmark-util-collection-0.64.8.jar:/Users/kayiin/.m2/repository/com/vladsch/flexmark/flexmark-util-data/0.64.8/flexmark-util-data-0.64.8.jar:/Users/kayiin/.m2/repository/com/vladsch/flexmark/flexmark-util-dependency/0.64.8/flexmark-util-dependency-0.64.8.jar:/Users/kayiin/.m2/repository/com/vladsch/flexmark/flexmark-util-format/0.64.8/flexmark-util-format-0.64.8.jar:/Users/kayiin/.m2/repository/com/vladsch/flexmark/flexmark-util-html/0.64.8/flexmark-util-html-0.64.8.jar:/Users/kayiin/.m2/repository/com/vladsch/flexmark/flexmark-util-misc/0.64.8/flexmark-util-misc-0.64.8.jar:/Users/kayiin/.m2/repository/com/vladsch/flexmark/flexmark-util-options/0.64.8/flexmark-util-options-0.64.8.jar:/Users/kayiin/.m2/repository/com/vladsch/flexmark/flexmark-util-sequence/0.64.8/flexmark-util-sequence-0.64.8.jar:/Users/kayiin/.m2/repository/com/vladsch/flexmark/flexmark-util-visitor/0.64.8/flexmark-util-visitor-0.64.8.jar:/Users/kayiin/.m2/repository/com/vladsch/flexmark/flexmark-youtrack-converter/0.64.8/flexmark-youtrack-converter-0.64.8.jar:/Users/kayiin/.m2/repository/com/vladsch/flexmark/flexmark-ext-resizable-image/0.64.8/flexmark-ext-resizable-image-0.64.8.jar:/Users/kayiin/.m2/repository/com/vladsch/flexmark/flexmark-ext-tables/0.64.8/flexmark-ext-tables-0.64.8.jar:/Users/kayiin/.m2/repository/com/vladsch/flexmark/flexmark-util/0.64.8/flexmark-util-0.64.8.jar:/Users/kayiin/.m2/repository/net/serenity-bdd/serenity-reports/4.1.4/serenity-reports-4.1.4.jar:/Users/kayiin/.m2/repository/net/serenity-bdd/serenity-stats/4.1.4/serenity-stats-4.1.4.jar:/Users/kayiin/.m2/repository/net/serenity-bdd/serenity-reports-configuration/4.1.4/serenity-reports-configuration-4.1.4.jar:/Users/kayiin/.m2/repository/com/ibm/icu/icu4j/72.1/icu4j-72.1.jar:/Users/kayiin/.m2/repository/es/nitaur/markdown/txtmark/0.16/txtmark-0.16.jar:/Users/kayiin/.m2/repository/net/serenity-bdd/serenity-report-resources/4.1.4/serenity-report-resources-4.1.4.jar:/Users/kayiin/.m2/repository/com/google/code/gson/gson/2.10.1/gson-2.10.1.jar:/Users/kayiin/.m2/repository/com/fasterxml/jackson/core/jackson-core/2.16.0/jackson-core-2.16.0.jar:/Users/kayiin/.m2/repository/com/fasterxml/jackson/core/jackson-databind/2.16.0/jackson-databind-2.16.0.jar:/Users/kayiin/.m2/repository/com/fasterxml/jackson/core/jackson-annotations/2.16.0/jackson-annotations-2.16.0.jar:/Users/kayiin/.m2/repository/commons-codec/commons-codec/1.16.0/commons-codec-1.16.0.jar:/Users/kayiin/.m2/repository/commons-io/commons-io/2.15.1/commons-io-2.15.1.jar:/Users/kayiin/.m2/repository/org/apache/httpcomponents/httpclient/4.5.13/httpclient-4.5.13.jar:/Users/kayiin/.m2/repository/org/apache/httpcomponents/httpcore/4.4.13/httpcore-4.4.13.jar:/Users/kayiin/.m2/repository/commons-logging/commons-logging/1.2/commons-logging-1.2.jar:/Users/kayiin/.m2/repository/org/seleniumhq/selenium/selenium-java/4.18.1/selenium-java-4.18.1.jar:/Users/kayiin/.m2/repository/org/seleniumhq/selenium/selenium-devtools-v120/4.18.1/selenium-devtools-v120-4.18.1.jar:/Users/kayiin/.m2/repository/org/seleniumhq/selenium/selenium-devtools-v121/4.18.1/selenium-devtools-v121-4.18.1.jar:/Users/kayiin/.m2/repository/org/seleniumhq/selenium/selenium-devtools-v122/4.18.1/selenium-devtools-v122-4.18.1.jar:/Users/kayiin/.m2/repository/org/seleniumhq/selenium/selenium-devtools-v85/4.18.1/selenium-devtools-v85-4.18.1.jar:/Users/kayiin/.m2/repository/org/seleniumhq/selenium/selenium-remote-driver/4.18.1/selenium-remote-driver-4.18.1.jar:/Users/kayiin/.m2/repository/io/opentelemetry/semconv/opentelemetry-semconv/1.23.1-alpha/opentelemetry-semconv-1.23.1-alpha.jar:/Users/kayiin/.m2/repository/io/opentelemetry/opentelemetry-api/1.35.0/opentelemetry-api-1.35.0.jar:/Users/kayiin/.m2/repository/io/opentelemetry/opentelemetry-context/1.35.0/opentelemetry-context-1.35.0.jar:/Users/kayiin/.m2/repository/io/opentelemetry/opentelemetry-exporter-logging/1.35.0/opentelemetry-exporter-logging-1.35.0.jar:/Users/kayiin/.m2/repository/io/opentelemetry/opentelemetry-sdk-common/1.35.0/opentelemetry-sdk-common-1.35.0.jar:/Users/kayiin/.m2/repository/io/opentelemetry/opentelemetry-sdk-extension-autoconfigure-spi/1.35.0/opentelemetry-sdk-extension-autoconfigure-spi-1.35.0.jar:/Users/kayiin/.m2/repository/io/opentelemetry/opentelemetry-sdk-extension-autoconfigure/1.35.0/opentelemetry-sdk-extension-autoconfigure-1.35.0.jar:/Users/kayiin/.m2/repository/io/opentelemetry/opentelemetry-api-events/1.35.0-alpha/opentelemetry-api-events-1.35.0-alpha.jar:/Users/kayiin/.m2/repository/io/opentelemetry/opentelemetry-sdk-trace/1.35.0/opentelemetry-sdk-trace-1.35.0.jar:/Users/kayiin/.m2/repository/io/opentelemetry/opentelemetry-extension-incubator/1.35.0-alpha/opentelemetry-extension-incubator-1.35.0-alpha.jar:/Users/kayiin/.m2/repository/io/opentelemetry/opentelemetry-sdk/1.35.0/opentelemetry-sdk-1.35.0.jar:/Users/kayiin/.m2/repository/io/opentelemetry/opentelemetry-sdk-metrics/1.35.0/opentelemetry-sdk-metrics-1.35.0.jar:/Users/kayiin/.m2/repository/io/opentelemetry/opentelemetry-sdk-logs/1.35.0/opentelemetry-sdk-logs-1.35.0.jar:/Users/kayiin/.m2/repository/org/seleniumhq/selenium/selenium-os/4.18.1/selenium-os-4.18.1.jar:/Users/kayiin/.m2/repository/org/apache/commons/commons-exec/1.3/commons-exec-1.3.jar:/Users/kayiin/.m2/repository/org/seleniumhq/selenium/selenium-safari-driver/4.18.1/selenium-safari-driver-4.18.1.jar:/Users/kayiin/.m2/repository/org/seleniumhq/selenium/selenium-api/4.18.1/selenium-api-4.18.1.jar:/Users/kayiin/.m2/repository/org/seleniumhq/selenium/selenium-support/4.18.1/selenium-support-4.18.1.jar:/Users/kayiin/.m2/repository/com/google/auto/service/auto-service-annotations/1.1.1/auto-service-annotations-1.1.1.jar:/Users/kayiin/.m2/repository/org/seleniumhq/selenium/selenium-json/4.18.1/selenium-json-4.18.1.jar:/Users/kayiin/.m2/repository/org/seleniumhq/selenium/selenium-chrome-driver/4.18.1/selenium-chrome-driver-4.18.1.jar:/Users/kayiin/.m2/repository/org/seleniumhq/selenium/selenium-chromium-driver/4.18.1/selenium-chromium-driver-4.18.1.jar:/Users/kayiin/.m2/repository/org/seleniumhq/selenium/selenium-manager/4.18.1/selenium-manager-4.18.1.jar:/Users/kayiin/.m2/repository/org/seleniumhq/selenium/selenium-firefox-driver/4.18.1/selenium-firefox-driver-4.18.1.jar:/Users/kayiin/.m2/repository/org/seleniumhq/selenium/selenium-http/4.18.1/selenium-http-4.18.1.jar:/Users/kayiin/.m2/repository/dev/failsafe/failsafe/3.3.2/failsafe-3.3.2.jar:/Users/kayiin/.m2/repository/org/seleniumhq/selenium/selenium-edge-driver/4.18.1/selenium-edge-driver-4.18.1.jar:/Users/kayiin/.m2/repository/org/seleniumhq/selenium/selenium-ie-driver/4.18.1/selenium-ie-driver-4.18.1.jar:/Users/kayiin/.m2/repository/org/htmlunit/htmlunit/3.11.0/htmlunit-3.11.0.jar:/Users/kayiin/.m2/repository/org/apache/httpcomponents/httpmime/4.5.14/httpmime-4.5.14.jar:/Users/kayiin/.m2/repository/org/htmlunit/htmlunit-core-js/3.11.0/htmlunit-core-js-3.11.0.jar:/Users/kayiin/.m2/repository/org/htmlunit/neko-htmlunit/3.11.2/neko-htmlunit-3.11.2.jar:/Users/kayiin/.m2/repository/org/htmlunit/htmlunit-cssparser/3.11.0/htmlunit-cssparser-3.11.0.jar:/Users/kayiin/.m2/repository/org/htmlunit/htmlunit-xpath/3.11.0/htmlunit-xpath-3.11.0.jar:/Users/kayiin/.m2/repository/org/htmlunit/htmlunit-csp/3.11.0/htmlunit-csp-3.11.0.jar:/Users/kayiin/.m2/repository/org/brotli/dec/0.1.2/dec-0.1.2.jar:/Users/kayiin/.m2/repository/org/eclipse/jetty/websocket/websocket-client/9.4.53.v20231009/websocket-client-9.4.53.v20231009.jar:/Users/kayiin/.m2/repository/org/eclipse/jetty/jetty-client/9.4.53.v20231009/jetty-client-9.4.53.v20231009.jar:/Users/kayiin/.m2/repository/org/eclipse/jetty/jetty-http/9.4.53.v20231009/jetty-http-9.4.53.v20231009.jar:/Users/kayiin/.m2/repository/org/eclipse/jetty/jetty-util/9.4.53.v20231009/jetty-util-9.4.53.v20231009.jar:/Users/kayiin/.m2/repository/org/eclipse/jetty/jetty-io/9.4.53.v20231009/jetty-io-9.4.53.v20231009.jar:/Users/kayiin/.m2/repository/org/eclipse/jetty/websocket/websocket-common/9.4.53.v20231009/websocket-common-9.4.53.v20231009.jar:/Users/kayiin/.m2/repository/org/eclipse/jetty/websocket/websocket-api/9.4.53.v20231009/websocket-api-9.4.53.v20231009.jar:/Users/kayiin/.m2/repository/org/seleniumhq/selenium/htmlunit3-driver/4.17.0/htmlunit3-driver-4.17.0.jar:/Users/kayiin/.m2/repository/io/appium/java-client/9.0.0/java-client-9.0.0.jar:/Users/kayiin/.m2/repository/org/apache/groovy/groovy/4.0.13/groovy-4.0.13.jar:/Users/kayiin/.m2/repository/net/sf/opencsv/opencsv/2.1/opencsv-2.1.jar:/Users/kayiin/.m2/repository/org/apache/commons/commons-lang3/3.14.0/commons-lang3-3.14.0.jar:/Users/kayiin/.m2/repository/org/apache/commons/commons-compress/1.26.0/commons-compress-1.26.0.jar:/Users/kayiin/.m2/repository/org/fluentlenium/fluentlenium-core/0.10.2/fluentlenium-core-0.10.2.jar:/Users/kayiin/.m2/repository/com/jhlabs/filters/2.0.235/filters-2.0.235.jar:/Users/kayiin/.m2/repository/com/paulhammant/ngwebdriver/1.1.6/ngwebdriver-1.1.6.jar:/Users/kayiin/.m2/repository/joda-time/joda-time/2.12.5/joda-time-2.12.5.jar:/Users/kayiin/.m2/repository/org/hamcrest/hamcrest/2.2/hamcrest-2.2.jar:/Users/kayiin/.m2/repository/com/google/jimfs/jimfs/1.3.0/jimfs-1.3.0.jar:/Users/kayiin/.m2/repository/org/mockito/mockito-core/3.3.3/mockito-core-3.3.3.jar:/Users/kayiin/.m2/repository/javax/xml/bind/jaxb-api/2.3.1/jaxb-api-2.3.1.jar:/Users/kayiin/.m2/repository/javax/activation/javax.activation-api/1.2.0/javax.activation-api-1.2.0.jar:/Users/kayiin/.m2/repository/com/sun/xml/bind/jaxb-core/2.3.0.1/jaxb-core-2.3.0.1.jar:/Users/kayiin/.m2/repository/com/sun/xml/bind/jaxb-impl/2.3.3/jaxb-impl-2.3.3.jar:/Users/kayiin/.m2/repository/jakarta/xml/bind/jakarta.xml.bind-api/2.3.3/jakarta.xml.bind-api-2.3.3.jar:/Users/kayiin/.m2/repository/com/sun/activation/jakarta.activation/1.2.2/jakarta.activation-1.2.2.jar:/Users/kayiin/.m2/repository/javax/activation/activation/1.1.1/activation-1.1.1.jar:/Users/kayiin/.m2/repository/net/serenity-bdd/serenity-cucumber/4.1.4/serenity-cucumber-4.1.4.jar:/Users/kayiin/.m2/repository/io/cucumber/cucumber-core/7.15.0/cucumber-core-7.15.0.jar:/Users/kayiin/.m2/repository/io/cucumber/cucumber-gherkin/7.15.0/cucumber-gherkin-7.15.0.jar:/Users/kayiin/.m2/repository/io/cucumber/cucumber-gherkin-messages/7.15.0/cucumber-gherkin-messages-7.15.0.jar:/Users/kayiin/.m2/repository/io/cucumber/gherkin/26.2.0/gherkin-26.2.0.jar:/Users/kayiin/.m2/repository/io/cucumber/messages/22.0.0/messages-22.0.0.jar:/Users/kayiin/.m2/repository/io/cucumber/tag-expressions/6.0.0/tag-expressions-6.0.0.jar:/Users/kayiin/.m2/repository/io/cucumber/cucumber-expressions/17.0.1/cucumber-expressions-17.0.1.jar:/Users/kayiin/.m2/repository/io/cucumber/datatable/7.15.0/datatable-7.15.0.jar:/Users/kayiin/.m2/repository/io/cucumber/cucumber-plugin/7.15.0/cucumber-plugin-7.15.0.jar:/Users/kayiin/.m2/repository/io/cucumber/docstring/7.15.0/docstring-7.15.0.jar:/Users/kayiin/.m2/repository/io/cucumber/html-formatter/20.4.0/html-formatter-20.4.0.jar:/Users/kayiin/.m2/repository/io/cucumber/junit-xml-formatter/0.2.0/junit-xml-formatter-0.2.0.jar:/Users/kayiin/.m2/repository/io/cucumber/ci-environment/10.0.0/ci-environment-10.0.0.jar:/Users/kayiin/.m2/repository/io/cucumber/cucumber-java/7.15.0/cucumber-java-7.15.0.jar:/Users/kayiin/.m2/repository/io/cucumber/cucumber-junit/7.15.0/cucumber-junit-7.15.0.jar:/Users/kayiin/.m2/repository/org/apache/commons/commons-csv/1.5/commons-csv-1.5.jar:/Users/kayiin/.m2/repository/net/serenity-bdd/serenity-screenplay/4.1.4/serenity-screenplay-4.1.4.jar:/Users/kayiin/.m2/repository/net/serenity-bdd/serenity-screenplay-webdriver/4.1.4/serenity-screenplay-webdriver-4.1.4.jar:/Users/kayiin/.m2/repository/net/serenity-bdd/serenity-ensure/4.1.4/serenity-ensure-4.1.4.jar:/Users/kayiin/.m2/repository/org/jetbrains/kotlin/kotlin-stdlib/1.9.0/kotlin-stdlib-1.9.0.jar:/Users/kayiin/.m2/repository/org/jetbrains/kotlin/kotlin-stdlib-common/1.9.0/kotlin-stdlib-common-1.9.0.jar:/Users/kayiin/.m2/repository/org/jetbrains/annotations/13.0/annotations-13.0.jar:/Users/kayiin/.m2/repository/org/junit/platform/junit-platform-launcher/1.9.2/junit-platform-launcher-1.9.2.jar:/Users/kayiin/.m2/repository/org/junit/platform/junit-platform-engine/1.9.2/junit-platform-engine-1.9.2.jar:/Users/kayiin/.m2/repository/org/opentest4j/opentest4j/1.2.0/opentest4j-1.2.0.jar:/Users/kayiin/.m2/repository/org/junit/platform/junit-platform-commons/1.9.2/junit-platform-commons-1.9.2.jar:/Users/kayiin/.m2/repository/org/apiguardian/apiguardian-api/1.1.2/apiguardian-api-1.1.2.jar:/Users/kayiin/.m2/repository/org/junit/jupiter/junit-jupiter-engine/5.9.2/junit-jupiter-engine-5.9.2.jar:/Users/kayiin/.m2/repository/org/junit/jupiter/junit-jupiter-api/5.9.2/junit-jupiter-api-5.9.2.jar:/Users/kayiin/.m2/repository/org/junit/vintage/junit-vintage-engine/5.9.2/junit-vintage-engine-5.9.2.jar:/Users/kayiin/.m2/repository/junit/junit/4.13.2/junit-4.13.2.jar:/Users/kayiin/.m2/repository/org/hamcrest/hamcrest-core/1.3/hamcrest-core-1.3.jar:/Users/kayiin/.m2/repository/ch/qos/logback/logback-classic/1.4.7/logback-classic-1.4.7.jar:/Users/kayiin/.m2/repository/ch/qos/logback/logback-core/1.4.7/logback-core-1.4.7.jar:/Users/kayiin/.m2/repository/org/slf4j/slf4j-api/2.0.4/slf4j-api-2.0.4.jar:/Users/kayiin/.m2/repository/org/assertj/assertj-core/3.24.2/assertj-core-3.24.2.jar:/Users/kayiin/.m2/repository/net/bytebuddy/byte-buddy/1.12.21/byte-buddy-1.12.21.jar:/Users/kayiin/.m2/repository/org/apache/maven/surefire/surefire-junit-platform/3.0.0-M5/surefire-junit-platform-3.0.0-M5.jar:/Users/kayiin/.m2/repository/org/apache/maven/surefire/common-java5/3.0.0-M5/common-java5-3.0.0-M5.jar"/>
    <property name="java.protocol.handler.pkgs" value="com.google.common"/>
    <property name="sun.management.compiler" value="HotSpot 64-Bit Tiered Compilers"/>
    <property name="ftp.nonProxyHosts" value="local|*.local|169.254/16|*.169.254/16"/>
    <property name="java.runtime.version" value="19.0.2+7-44"/>
    <property name="user.name" value="kayiin"/>
    <property name="stdout.encoding" value="UTF-8"/>
    <property name="path.separator" value=":"/>
    <property name="os.version" value="12.7.2"/>
    <property name="java.runtime.name" value="Java(TM) SE Runtime Environment"/>
    <property name="file.encoding" value="UTF-8"/>
    <property name="java.vm.name" value="Java HotSpot(TM) 64-Bit Server VM"/>
    <property name="localRepository" value="/Users/kayiin/.m2/repository"/>
    <property name="java.vendor.url.bug" value="https://bugreport.java.com/bugreport/"/>
    <property name="java.io.tmpdir" value="/var/folders/_5/cq_xg3kd1qbdnzc_nywxdk0c0000gn/T/"/>
    <property name="java.version" value="19.0.2"/>
    <property name="user.dir" value="/Users/kayiin/Downloads/Persiapan MSIB/portofolio/Saucedemo_Web_Testing"/>
    <property name="os.arch" value="x86_64"/>
    <property name="java.vm.specification.name" value="Java Virtual Machine Specification"/>
    <property name="native.encoding" value="UTF-8"/>
    <property name="java.library.path" value="/Users/kayiin/Library/Java/Extensions:/Library/Java/Extensions:/Network/Library/Java/Extensions:/System/Library/Java/Extensions:/usr/lib/java:."/>
    <property name="java.vm.info" value="mixed mode"/>
    <property name="stderr.encoding" value="UTF-8"/>
    <property name="java.vendor" value="Oracle Corporation"/>
    <property name="java.vm.version" value="19.0.2+7-44"/>
    <property name="sun.io.unicode.encoding" value="UnicodeBig"/>
    <property name="socksNonProxyHosts" value="local|*.local|169.254/16|*.169.254/16"/>
    <property name="java.class.version" value="63.0"/>
  </properties>
  <testcase name="As a user I can add item to the cart" classname="Cart" time="13.802">
    <system-out><![CDATA[22:51:50.674 [main] DEBUG io.cucumber.core.plugin.SerenityReporter -- Running feature from file:///Users/kayiin/Downloads/Persiapan%20MSIB/portofolio/Saucedemo_Web_Testing/src/test/resources/features/Cart.feature
22:51:51.062 [main] INFO  -- 

-------------------------------------------------------------------------------------
     _______. _______ .______       _______ .__   __.  __  .___________.____    ____ 
    /       ||   ____||   _  \     |   ____||  \ |  | |  | |           |\   \  /   / 
   |   (----`|  |__   |  |_)  |    |  |__   |   \|  | |  | `---|  |----` \   \/   /  
    \   \    |   __|  |      /     |   __|  |  . `  | |  |     |  |       \_    _/   
.----)   |   |  |____ |  |\  \----.|  |____ |  |\   | |  |     |  |         |  |     
|_______/    |_______|| _| `._____||_______||__| \__| |__|     |__|         |__|    
                                                                                     
 News and tutorials at https://serenity-bdd.info                                     
 Documentation at https://serenity-bdd.github.io                                     
 Test Automation Training and Coaching: https://www.serenity-dojo.com                
 Commercial Support: https://www.serenity-dojo.com/serenity-bdd-enterprise-support   
 Join the Serenity Community on Gitter: https://gitter.im/serenity-bdd/serenity-core 
-------------------------------------------------------------------------------------

22:51:51.089 [main] DEBUG net.thucydides.core.steps.StepEventBus -- Test suite started for story net.thucydides.model.domain.Story@3fde800
22:51:51.122 [main] INFO  -- Test Suite Started: Cart
22:51:51.565 [main] DEBUG io.cucumber.core.plugin.SerenityReporter -- Running feature from file:///Users/kayiin/Downloads/Persiapan%20MSIB/portofolio/Saucedemo_Web_Testing/src/test/resources/features/Login.feature
22:51:51.582 [main] DEBUG net.thucydides.core.steps.StepEventBus -- Test suite started for story net.thucydides.model.domain.Story@8c5fe920
22:51:51.583 [main] INFO  -- Test Suite Started: Login
22:51:51.585 [main] DEBUG io.cucumber.core.plugin.SerenityReporter -- Running feature from file:///Users/kayiin/Downloads/Persiapan%20MSIB/portofolio/Saucedemo_Web_Testing/src/test/resources/features/Cart.feature
22:51:51.616 [main] DEBUG net.thucydides.core.steps.StepEventBus -- Test suite started for story net.thucydides.model.domain.Story@3fde800
22:51:51.617 [main] INFO  -- Test Suite Started: Cart

Scenario: As a user I can add item to the cart &amp#27;[90m# src/test/resources/features/Cart.feature:6&amp#27;[0m
22:51:52.094 [main] DEBUG io.cucumber.core.plugin.SerenityReporter -- Running feature from file:///Users/kayiin/Downloads/Persiapan%20MSIB/portofolio/Saucedemo_Web_Testing/src/test/resources/features/Cart.feature
22:51:52.666 [main] INFO  -- 
  _____   ___   ___   _____     ___   _____     _     ___   _____   ___   ___  
 |_   _| | __| / __| |_   _|   / __| |_   _|   /_\   | _ \ |_   _| | __| |   \ 
   | |   | _|  \__ \   | |     \__ \   | |    / _ \  |   /   | |   | _|  | |) |
   |_|   |___| |___/   |_|     |___/   |_|   /_/ \_\ |_|_\   |_|   |___| |___/ 

As a user I can add item to the cart(cart;as-a-user-i-can-add-item-to-the-cart)
--------------------------------------------------------------------------------
22:51:55.542 [main] INFO net.serenitybdd.core.webdriver.driverproviders.ChromeDriverProvider -- Starting Chrome driver instance with capabilities:
22:51:55.546 [main] INFO net.serenitybdd.core.webdriver.driverproviders.ChromeDriverProvider -- Capabilities {acceptInsecureCerts: false, browserName: chrome, goog:chromeOptions: {args: [remote-allow-origins=*], extensions: []}}
22:52:02.222 [main] DEBUG net.serenitybdd.core.photography.Darkroom -- Opening darkroom
22:52:02.224 [Darkroom Processing Line] DEBUG net.serenitybdd.core.photography.DarkroomProcessingLine -- Darkroom processing line starting up
22:52:02.783 [main] DEBUG net.serenitybdd.core.photography.Darkroom -- Send negative for processing for /Users/kayiin/Downloads/Persiapan MSIB/portofolio/Saucedemo_Web_Testing/target/site/serenity/7ebb9bcf215e7b81cf7e7fb7c72503dab866f0e56a853edece7df05e8ec3e1e2.png
22:52:02.783 [Darkroom Processing Line] DEBUG net.serenitybdd.core.photography.DarkroomProcessingLine -- Processing screenshot image in /var/screenshots/screenshot-17067227033680989169
22:52:02.784 [Darkroom Processing Line] DEBUG net.serenitybdd.core.photography.DarkroomProcessingLine -- Saving screenshot to /Users/kayiin/Downloads/Persiapan MSIB/portofolio/Saucedemo_Web_Testing/target/site/serenity/7ebb9bcf215e7b81cf7e7fb7c72503dab866f0e56a853edece7df05e8ec3e1e2.png
22:52:02.787 [main] DEBUG net.thucydides.core.steps.StepInterceptor -- STARTING STEP: LoginSteps.onTheLoginPage - validateOnLoginPage
22:52:02.988 [main] DEBUG net.serenitybdd.core.photography.Darkroom -- Send negative for processing for /Users/kayiin/Downloads/Persiapan MSIB/portofolio/Saucedemo_Web_Testing/target/site/serenity/7ebb9bcf215e7b81cf7e7fb7c72503dab866f0e56a853edece7df05e8ec3e1e2.png
22:52:02.990 [main] DEBUG net.thucydides.core.steps.StepInterceptor -- STEP DONE: validateOnLoginPage
  &amp#27;[32mGiven &amp#27;[0m&amp#27;[32mI am on the login page&amp#27;[0m                 &amp#27;[90m# starter.stepdefinitions.LoginSteps.onTheLoginPage()&amp#27;[0m
22:52:03.160 [main] DEBUG net.serenitybdd.core.photography.Darkroom -- Send negative for processing for /Users/kayiin/Downloads/Persiapan MSIB/portofolio/Saucedemo_Web_Testing/target/site/serenity/7ebb9bcf215e7b81cf7e7fb7c72503dab866f0e56a853edece7df05e8ec3e1e2.png
22:52:03.161 [main] DEBUG net.thucydides.core.steps.StepInterceptor -- STARTING STEP: LoginSteps.inputValidUsername - inputUsername
22:52:03.529 [main] DEBUG net.serenitybdd.core.photography.Darkroom -- Send negative for processing for /Users/kayiin/Downloads/Persiapan MSIB/portofolio/Saucedemo_Web_Testing/target/site/serenity/1302de4429254f0231cfc9cf44eef5ea74180f35690b382071d4d5ab3cf60908.png
22:52:03.529 [Darkroom Processing Line] DEBUG net.serenitybdd.core.photography.DarkroomProcessingLine -- Processing screenshot image in /var/screenshots/screenshot-9744561387042527207
22:52:03.529 [Darkroom Processing Line] DEBUG net.serenitybdd.core.photography.DarkroomProcessingLine -- Saving screenshot to /Users/kayiin/Downloads/Persiapan MSIB/portofolio/Saucedemo_Web_Testing/target/site/serenity/1302de4429254f0231cfc9cf44eef5ea74180f35690b382071d4d5ab3cf60908.png
22:52:03.529 [main] DEBUG net.thucydides.core.steps.StepInterceptor -- STEP DONE: inputUsername
  &amp#27;[32mWhen &amp#27;[0m&amp#27;[32mI input valid username&amp#27;[0m                  &amp#27;[90m# starter.stepdefinitions.LoginSteps.inputValidUsername()&amp#27;[0m
22:52:03.550 [main] DEBUG net.thucydides.core.steps.StepInterceptor -- STARTING STEP: LoginSteps.inputValidPassword - inputPassword
22:52:03.836 [main] DEBUG net.serenitybdd.core.photography.Darkroom -- Send negative for processing for /Users/kayiin/Downloads/Persiapan MSIB/portofolio/Saucedemo_Web_Testing/target/site/serenity/b75c1245aba87560aabe20baf8f47229bce63b5db016b908a63df8355a14774d.png
22:52:03.837 [Darkroom Processing Line] DEBUG net.serenitybdd.core.photography.DarkroomProcessingLine -- Processing screenshot image in /var/screenshots/screenshot-5143519284715245525
22:52:03.837 [Darkroom Processing Line] DEBUG net.serenitybdd.core.photography.DarkroomProcessingLine -- Saving screenshot to /Users/kayiin/Downloads/Persiapan MSIB/portofolio/Saucedemo_Web_Testing/target/site/serenity/b75c1245aba87560aabe20baf8f47229bce63b5db016b908a63df8355a14774d.png
22:52:03.838 [main] DEBUG net.thucydides.core.steps.StepInterceptor -- STEP DONE: inputPassword
  &amp#27;[32mAnd &amp#27;[0m&amp#27;[32mI input valid password&amp#27;[0m                   &amp#27;[90m# starter.stepdefinitions.LoginSteps.inputValidPassword()&amp#27;[0m
22:52:03.867 [main] DEBUG net.thucydides.core.steps.StepInterceptor -- STARTING STEP: LoginSteps.clickLoginButton - clickLoginButton
22:52:04.401 [main] DEBUG net.serenitybdd.core.photography.Darkroom -- Send negative for processing for /Users/kayiin/Downloads/Persiapan MSIB/portofolio/Saucedemo_Web_Testing/target/site/serenity/9532f4f18b7ed9feb02c1e31a31cff9e3a2a22b4dabf4e219ac88c7ce4e116bf.png
22:52:04.401 [Darkroom Processing Line] DEBUG net.serenitybdd.core.photography.DarkroomProcessingLine -- Processing screenshot image in /var/screenshots/screenshot-4671328760628626034
22:52:04.402 [Darkroom Processing Line] DEBUG net.serenitybdd.core.photography.DarkroomProcessingLine -- Saving screenshot to /Users/kayiin/Downloads/Persiapan MSIB/portofolio/Saucedemo_Web_Testing/target/site/serenity/9532f4f18b7ed9feb02c1e31a31cff9e3a2a22b4dabf4e219ac88c7ce4e116bf.png
22:52:04.402 [main] DEBUG net.thucydides.core.steps.StepInterceptor -- STEP DONE: clickLoginButton
  &amp#27;[32mAnd &amp#27;[0m&amp#27;[32mI click login button&amp#27;[0m                     &amp#27;[90m# starter.stepdefinitions.LoginSteps.clickLoginButton()&amp#27;[0m
22:52:04.638 [main] DEBUG net.serenitybdd.core.photography.Darkroom -- Send negative for processing for /Users/kayiin/Downloads/Persiapan MSIB/portofolio/Saucedemo_Web_Testing/target/site/serenity/9532f4f18b7ed9feb02c1e31a31cff9e3a2a22b4dabf4e219ac88c7ce4e116bf.png
22:52:04.639 [main] DEBUG net.thucydides.core.steps.StepInterceptor -- STARTING STEP: CartSteps.addItemToCart - clickItemToCart
22:52:04.900 [main] DEBUG net.serenitybdd.core.photography.Darkroom -- Send negative for processing for /Users/kayiin/Downloads/Persiapan MSIB/portofolio/Saucedemo_Web_Testing/target/site/serenity/296408fd3786f80509fa3567db44b30b90ef6598008e03a693a8a36985858a11.png
22:52:04.900 [Darkroom Processing Line] DEBUG net.serenitybdd.core.photography.DarkroomProcessingLine -- Processing screenshot image in /var/screenshots/screenshot-6372239265484644480
22:52:04.900 [main] DEBUG net.thucydides.core.steps.StepInterceptor -- STEP DONE: clickItemToCart
22:52:04.900 [Darkroom Processing Line] DEBUG net.serenitybdd.core.photography.DarkroomProcessingLine -- Saving screenshot to /Users/kayiin/Downloads/Persiapan MSIB/portofolio/Saucedemo_Web_Testing/target/site/serenity/296408fd3786f80509fa3567db44b30b90ef6598008e03a693a8a36985858a11.png
  &amp#27;[32mAnd &amp#27;[0m&amp#27;[32mI add item to the cart&amp#27;[0m                   &amp#27;[90m# starter.stepdefinitions.CartSteps.addItemToCart()&amp#27;[0m
22:52:04.918 [main] DEBUG net.thucydides.core.steps.StepInterceptor -- STARTING STEP: CartSteps.itemIsAddedToCart - validateCartCounterIsDisplayed
22:52:05.105 [main] DEBUG net.serenitybdd.core.photography.Darkroom -- Send negative for processing for /Users/kayiin/Downloads/Persiapan MSIB/portofolio/Saucedemo_Web_Testing/target/site/serenity/296408fd3786f80509fa3567db44b30b90ef6598008e03a693a8a36985858a11.png
22:52:05.105 [main] DEBUG net.thucydides.core.steps.StepInterceptor -- STEP DONE: validateCartCounterIsDisplayed
22:52:05.111 [main] DEBUG net.thucydides.core.steps.StepInterceptor -- STARTING STEP: CartSteps.itemIsAddedToCart - validateCartCounter
22:52:05.144 [main] DEBUG net.thucydides.core.steps.StepInterceptor -- STEP DONE: validateCartCounter
  &amp#27;[32mThen &amp#27;[0m&amp#27;[32mthe item is added to the cart&amp#27;[0m           &amp#27;[90m# starter.stepdefinitions.CartSteps.itemIsAddedToCart()&amp#27;[0m
22:52:05.155 [main] INFO  -- 
  _____   ___   ___   _____     ___     _     ___   ___   ___   ___  
 |_   _| | __| / __| |_   _|   | _ \   /_\   / __| / __| | __| |   \ 
   | |   | _|  \__ \   | |     |  _/  / _ \  \__ \ \__ \ | _|  | |) |
   |_|   |___| |___/   |_|     |_|   /_/ \_\ |___/ |___/ |___| |___/ 

As a user I can add item to the cart
----------------------------------------------------------------------
]]></system-out>
    <system-err><![CDATA[Mei 13, 2024 10:51:59 PM org.openqa.selenium.devtools.CdpVersionFinder findNearestMatch
WARNING: Unable to find an exact match for CDP version 124, returning the closest version; found: 122; Please update to a Selenium version that supports CDP version 124
]]></system-err>
  </testcase>
  <testcase name="As a user I can login with valid credentials" classname="Login" time="5.993">
    <system-out><![CDATA[22:52:05.440 [main] DEBUG io.cucumber.core.plugin.SerenityReporter -- Running feature from file:///Users/kayiin/Downloads/Persiapan%20MSIB/portofolio/Saucedemo_Web_Testing/src/test/resources/features/Login.feature
22:52:05.444 [main] DEBUG net.thucydides.core.steps.StepEventBus -- Test suite started for story net.thucydides.model.domain.Story@8c5fe920
22:52:05.445 [main] INFO  -- Test Suite Started: Login

@Normal-user
Scenario: As a user I can login with valid credentials &amp#27;[90m# src/test/resources/features/Login.feature:10&amp#27;[0m
22:52:05.478 [main] DEBUG io.cucumber.core.plugin.SerenityReporter -- Running feature from file:///Users/kayiin/Downloads/Persiapan%20MSIB/portofolio/Saucedemo_Web_Testing/src/test/resources/features/Login.feature
22:52:05.481 [main] INFO  -- 
  _____   ___   ___   _____     ___   _____     _     ___   _____   ___   ___  
 |_   _| | __| / __| |_   _|   / __| |_   _|   /_\   | _ \ |_   _| | __| |   \ 
   | |   | _|  \__ \   | |     \__ \   | |    / _ \  |   /   | |   | _|  | |) |
   |_|   |___| |___/   |_|     |___/   |_|   /_/ \_\ |_|_\   |_|   |___| |___/ 

As a user I can login with valid credentials(login;as-a-user-i-can-login-with-valid-credentials)
--------------------------------------------------------------------------------
22:52:05.619 [main] INFO net.serenitybdd.core.webdriver.driverproviders.ChromeDriverProvider -- Starting Chrome driver instance with capabilities:
22:52:05.619 [main] INFO net.serenitybdd.core.webdriver.driverproviders.ChromeDriverProvider -- Capabilities {acceptInsecureCerts: false, browserName: chrome, goog:chromeOptions: {args: [remote-allow-origins=*], extensions: []}}
22:52:08.796 [main] DEBUG net.serenitybdd.core.photography.Darkroom -- Opening darkroom
22:52:08.796 [Darkroom Processing Line] DEBUG net.serenitybdd.core.photography.DarkroomProcessingLine -- Darkroom processing line starting up
22:52:09.423 [main] DEBUG net.serenitybdd.core.photography.Darkroom -- Send negative for processing for /Users/kayiin/Downloads/Persiapan MSIB/portofolio/Saucedemo_Web_Testing/target/site/serenity/7ebb9bcf215e7b81cf7e7fb7c72503dab866f0e56a853edece7df05e8ec3e1e2.png
22:52:09.423 [main] DEBUG net.thucydides.core.steps.StepInterceptor -- STARTING STEP: LoginSteps.onTheLoginPage - validateOnLoginPage
22:52:09.649 [main] DEBUG net.serenitybdd.core.photography.Darkroom -- Send negative for processing for /Users/kayiin/Downloads/Persiapan MSIB/portofolio/Saucedemo_Web_Testing/target/site/serenity/7ebb9bcf215e7b81cf7e7fb7c72503dab866f0e56a853edece7df05e8ec3e1e2.png
22:52:09.649 [main] DEBUG net.thucydides.core.steps.StepInterceptor -- STEP DONE: validateOnLoginPage
  &amp#27;[32mGiven &amp#27;[0m&amp#27;[32mI am on the login page&amp#27;[0m                         &amp#27;[90m# starter.stepdefinitions.LoginSteps.onTheLoginPage()&amp#27;[0m
22:52:09.671 [main] DEBUG net.thucydides.core.steps.StepInterceptor -- STARTING STEP: LoginSteps.inputValidUsername - inputUsername
22:52:10.058 [main] DEBUG net.serenitybdd.core.photography.Darkroom -- Send negative for processing for /Users/kayiin/Downloads/Persiapan MSIB/portofolio/Saucedemo_Web_Testing/target/site/serenity/1302de4429254f0231cfc9cf44eef5ea74180f35690b382071d4d5ab3cf60908.png
22:52:10.059 [main] DEBUG net.thucydides.core.steps.StepInterceptor -- STEP DONE: inputUsername
  &amp#27;[32mWhen &amp#27;[0m&amp#27;[32mI input valid username&amp#27;[0m                          &amp#27;[90m# starter.stepdefinitions.LoginSteps.inputValidUsername()&amp#27;[0m
22:52:10.078 [main] DEBUG net.thucydides.core.steps.StepInterceptor -- STARTING STEP: LoginSteps.inputValidPassword - inputPassword
22:52:10.329 [main] DEBUG net.serenitybdd.core.photography.Darkroom -- Send negative for processing for /Users/kayiin/Downloads/Persiapan MSIB/portofolio/Saucedemo_Web_Testing/target/site/serenity/b75c1245aba87560aabe20baf8f47229bce63b5db016b908a63df8355a14774d.png
22:52:10.330 [main] DEBUG net.thucydides.core.steps.StepInterceptor -- STEP DONE: inputPassword
  &amp#27;[32mAnd &amp#27;[0m&amp#27;[32mI input valid password&amp#27;[0m                           &amp#27;[90m# starter.stepdefinitions.LoginSteps.inputValidPassword()&amp#27;[0m
22:52:10.343 [main] DEBUG net.thucydides.core.steps.StepInterceptor -- STARTING STEP: LoginSteps.clickLoginButton - clickLoginButton
22:52:10.770 [main] DEBUG net.serenitybdd.core.photography.Darkroom -- Send negative for processing for /Users/kayiin/Downloads/Persiapan MSIB/portofolio/Saucedemo_Web_Testing/target/site/serenity/6d29260660a91746f971a0e866f559c58a15feafe2b2733d1e6fa4e51f31d7d5.png
22:52:10.771 [Darkroom Processing Line] DEBUG net.serenitybdd.core.photography.DarkroomProcessingLine -- Processing screenshot image in /var/screenshots/screenshot-4534985673092640073
22:52:10.771 [main] DEBUG net.thucydides.core.steps.StepInterceptor -- STEP DONE: clickLoginButton
22:52:10.771 [Darkroom Processing Line] DEBUG net.serenitybdd.core.photography.DarkroomProcessingLine -- Saving screenshot to /Users/kayiin/Downloads/Persiapan MSIB/portofolio/Saucedemo_Web_Testing/target/site/serenity/6d29260660a91746f971a0e866f559c58a15feafe2b2733d1e6fa4e51f31d7d5.png
  &amp#27;[32mAnd &amp#27;[0m&amp#27;[32mI click login button&amp#27;[0m                             &amp#27;[90m# starter.stepdefinitions.LoginSteps.clickLoginButton()&amp#27;[0m
22:52:10.785 [main] DEBUG net.thucydides.core.steps.StepInterceptor -- STARTING STEP: LoginSteps.onTheProductsPage - validateOnProductsPage
22:52:10.818 [main] DEBUG net.thucydides.core.steps.StepInterceptor -- STEP DONE: validateOnProductsPage
  &amp#27;[32mThen &amp#27;[0m&amp#27;[32mI am on the products page&amp#27;[0m                       &amp#27;[90m# starter.stepdefinitions.LoginSteps.onTheProductsPage()&amp#27;[0m
22:52:11.154 [main] DEBUG net.serenitybdd.core.photography.Darkroom -- Send negative for processing for /Users/kayiin/Downloads/Persiapan MSIB/portofolio/Saucedemo_Web_Testing/target/site/serenity/6d29260660a91746f971a0e866f559c58a15feafe2b2733d1e6fa4e51f31d7d5.png
22:52:11.157 [main] INFO  -- 
  _____   ___   ___   _____     ___     _     ___   ___   ___   ___  
 |_   _| | __| / __| |_   _|   | _ \   /_\   / __| / __| | __| |   \ 
   | |   | _|  \__ \   | |     |  _/  / _ \  \__ \ \__ \ | _|  | |) |
   |_|   |___| |___/   |_|     |_|   /_/ \_\ |___/ |___/ |___| |___/ 

As a user I can login with valid credentials
----------------------------------------------------------------------
]]></system-out>
    <system-err><![CDATA[Mei 13, 2024 10:52:07 PM org.openqa.selenium.devtools.CdpVersionFinder findNearestMatch
WARNING: Unable to find an exact match for CDP version 124, returning the closest version; found: 122; Please update to a Selenium version that supports CDP version 124
]]></system-err>
  </testcase>
  <testcase name="As a locked user I cannot access products page" classname="Login" time="5.951">
    <system-out><![CDATA[
@Locked-user
Scenario: As a locked user I cannot access products page                         &amp#27;[90m# src/test/resources/features/Login.feature:17&amp#27;[0m
22:52:11.453 [main] DEBUG io.cucumber.core.plugin.SerenityReporter -- Running feature from file:///Users/kayiin/Downloads/Persiapan%20MSIB/portofolio/Saucedemo_Web_Testing/src/test/resources/features/Login.feature
22:52:11.457 [main] INFO  -- 
  _____   ___   ___   _____     ___   _____     _     ___   _____   ___   ___  
 |_   _| | __| / __| |_   _|   / __| |_   _|   /_\   | _ \ |_   _| | __| |   \ 
   | |   | _|  \__ \   | |     \__ \   | |    / _ \  |   /   | |   | _|  | |) |
   |_|   |___| |___/   |_|     |___/   |_|   /_/ \_\ |_|_\   |_|   |___| |___/ 

As a locked user I cannot access products page(login;as-a-locked-user-i-cannot-access-products-page)
--------------------------------------------------------------------------------
22:52:11.688 [main] INFO net.serenitybdd.core.webdriver.driverproviders.ChromeDriverProvider -- Starting Chrome driver instance with capabilities:
22:52:11.689 [main] INFO net.serenitybdd.core.webdriver.driverproviders.ChromeDriverProvider -- Capabilities {acceptInsecureCerts: false, browserName: chrome, goog:chromeOptions: {args: [remote-allow-origins=*], extensions: []}}
22:52:15.786 [main] DEBUG net.serenitybdd.core.photography.Darkroom -- Send negative for processing for /Users/kayiin/Downloads/Persiapan MSIB/portofolio/Saucedemo_Web_Testing/target/site/serenity/110b51a9e0b7a9ec1c3b2d4ad09ab3ca31d08aeb2692c1b516cc9087b50f5167.png
22:52:15.787 [Darkroom Processing Line] DEBUG net.serenitybdd.core.photography.DarkroomProcessingLine -- Processing screenshot image in /var/screenshots/screenshot-43977207481327062
22:52:15.787 [Darkroom Processing Line] DEBUG net.serenitybdd.core.photography.DarkroomProcessingLine -- Saving screenshot to /Users/kayiin/Downloads/Persiapan MSIB/portofolio/Saucedemo_Web_Testing/target/site/serenity/110b51a9e0b7a9ec1c3b2d4ad09ab3ca31d08aeb2692c1b516cc9087b50f5167.png
22:52:15.787 [main] DEBUG net.thucydides.core.steps.StepInterceptor -- STARTING STEP: LoginSteps.onTheLoginPage - validateOnLoginPage
22:52:16.023 [main] DEBUG net.serenitybdd.core.photography.Darkroom -- Send negative for processing for /Users/kayiin/Downloads/Persiapan MSIB/portofolio/Saucedemo_Web_Testing/target/site/serenity/110b51a9e0b7a9ec1c3b2d4ad09ab3ca31d08aeb2692c1b516cc9087b50f5167.png
22:52:16.024 [main] DEBUG net.thucydides.core.steps.StepInterceptor -- STEP DONE: validateOnLoginPage
  &amp#27;[32mGiven &amp#27;[0m&amp#27;[32mI am on the login page&amp#27;[0m                                                   &amp#27;[90m# starter.stepdefinitions.LoginSteps.onTheLoginPage()&amp#27;[0m
22:52:16.045 [main] DEBUG net.thucydides.core.steps.StepInterceptor -- STARTING STEP: LoginSteps.inputLockedUsername - inputUsername
22:52:16.467 [main] DEBUG net.serenitybdd.core.photography.Darkroom -- Send negative for processing for /Users/kayiin/Downloads/Persiapan MSIB/portofolio/Saucedemo_Web_Testing/target/site/serenity/eab730ccde83c6ebf3f29f6d354dd548496a776cc3db3b60359560c5e4bcdc0b.png
22:52:16.468 [Darkroom Processing Line] DEBUG net.serenitybdd.core.photography.DarkroomProcessingLine -- Processing screenshot image in /var/screenshots/screenshot-5512899241091375527
22:52:16.468 [main] DEBUG net.thucydides.core.steps.StepInterceptor -- STEP DONE: inputUsername
22:52:16.468 [Darkroom Processing Line] DEBUG net.serenitybdd.core.photography.DarkroomProcessingLine -- Saving screenshot to /Users/kayiin/Downloads/Persiapan MSIB/portofolio/Saucedemo_Web_Testing/target/site/serenity/eab730ccde83c6ebf3f29f6d354dd548496a776cc3db3b60359560c5e4bcdc0b.png
  &amp#27;[32mWhen &amp#27;[0m&amp#27;[32mI input locked username&amp#27;[0m                                                   &amp#27;[90m# starter.stepdefinitions.LoginSteps.inputLockedUsername()&amp#27;[0m
22:52:16.481 [main] DEBUG net.thucydides.core.steps.StepInterceptor -- STARTING STEP: LoginSteps.inputValidPassword - inputPassword
22:52:16.733 [main] DEBUG net.serenitybdd.core.photography.Darkroom -- Send negative for processing for /Users/kayiin/Downloads/Persiapan MSIB/portofolio/Saucedemo_Web_Testing/target/site/serenity/5f0dbc4fc34059a2db941b18fc9f6de2f22155cbfbe39bf3185b28c2ae054672.png
22:52:16.733 [Darkroom Processing Line] DEBUG net.serenitybdd.core.photography.DarkroomProcessingLine -- Processing screenshot image in /var/screenshots/screenshot-4316609047797472685
22:52:16.733 [main] DEBUG net.thucydides.core.steps.StepInterceptor -- STEP DONE: inputPassword
22:52:16.733 [Darkroom Processing Line] DEBUG net.serenitybdd.core.photography.DarkroomProcessingLine -- Saving screenshot to /Users/kayiin/Downloads/Persiapan MSIB/portofolio/Saucedemo_Web_Testing/target/site/serenity/5f0dbc4fc34059a2db941b18fc9f6de2f22155cbfbe39bf3185b28c2ae054672.png
  &amp#27;[32mAnd &amp#27;[0m&amp#27;[32mI input valid password&amp#27;[0m                                                     &amp#27;[90m# starter.stepdefinitions.LoginSteps.inputValidPassword()&amp#27;[0m
22:52:16.747 [main] DEBUG net.thucydides.core.steps.StepInterceptor -- STARTING STEP: LoginSteps.clickLoginButton - clickLoginButton
22:52:17.009 [main] DEBUG net.serenitybdd.core.photography.Darkroom -- Send negative for processing for /Users/kayiin/Downloads/Persiapan MSIB/portofolio/Saucedemo_Web_Testing/target/site/serenity/e50e7d80618a76f4edb55da2183d54dc45087bab53f0ed14f9c5473294d55e1e.png
22:52:17.010 [main] DEBUG net.thucydides.core.steps.StepInterceptor -- STEP DONE: clickLoginButton
22:52:17.010 [Darkroom Processing Line] DEBUG net.serenitybdd.core.photography.DarkroomProcessingLine -- Processing screenshot image in /var/screenshots/screenshot-8095238544134811944
  &amp#27;[32mAnd &amp#27;[0m&amp#27;[32mI click login button&amp#27;[0m                                                       &amp#27;[90m# starter.stepdefinitions.LoginSteps.clickLoginButton()&amp#27;[0m
22:52:17.010 [Darkroom Processing Line] DEBUG net.serenitybdd.core.photography.DarkroomProcessingLine -- Saving screenshot to /Users/kayiin/Downloads/Persiapan MSIB/portofolio/Saucedemo_Web_Testing/target/site/serenity/e50e7d80618a76f4edb55da2183d54dc45087bab53f0ed14f9c5473294d55e1e.png
22:52:17.024 [main] DEBUG net.thucydides.core.steps.StepInterceptor -- STARTING STEP: LoginSteps.getErrorMessage - validateErrorMessageIsDisplayed
22:52:17.159 [main] DEBUG net.serenitybdd.core.photography.Darkroom -- Send negative for processing for /Users/kayiin/Downloads/Persiapan MSIB/portofolio/Saucedemo_Web_Testing/target/site/serenity/e50e7d80618a76f4edb55da2183d54dc45087bab53f0ed14f9c5473294d55e1e.png
22:52:17.160 [main] DEBUG net.thucydides.core.steps.StepInterceptor -- STEP DONE: validateErrorMessageIsDisplayed
22:52:17.165 [main] DEBUG net.thucydides.core.steps.StepInterceptor -- STARTING STEP: LoginSteps.getErrorMessage - validateEqualErrorMessage
22:52:17.197 [main] DEBUG net.thucydides.core.steps.StepInterceptor -- STEP DONE: validateEqualErrorMessage
  &amp#27;[32mThen &amp#27;[0m&amp#27;[32mI get error message &amp#27;[0m&amp#27;[32m&amp#27;[1m"Epic sadface: Sorry, this user has been locked out."&amp#27;[0m &amp#27;[90m# starter.stepdefinitions.LoginSteps.getErrorMessage(java.lang.String)&amp#27;[0m
22:52:17.202 [main] INFO  -- 
  _____   ___   ___   _____     ___     _     ___   ___   ___   ___  
 |_   _| | __| / __| |_   _|   | _ \   /_\   / __| / __| | __| |   \ 
   | |   | _|  \__ \   | |     |  _/  / _ \  \__ \ \__ \ | _|  | |) |
   |_|   |___| |___/   |_|     |_|   /_/ \_\ |___/ |___/ |___| |___/ 

As a locked user I cannot access products page
----------------------------------------------------------------------
]]></system-out>
    <system-err><![CDATA[Mei 13, 2024 10:52:13 PM org.openqa.selenium.devtools.CdpVersionFinder findNearestMatch
WARNING: Unable to find an exact match for CDP version 124, returning the closest version; found: 122; Please update to a Selenium version that supports CDP version 124
]]></system-err>
  </testcase>
</testsuite>